Copyright 1986-2019 Xilinx, Inc. All Rights Reserved.
------------------------------------------------------------------------------------
| Tool Version : Vivado v.2019.1 (win64) Build 2552052 Fri May 24 14:49:42 MDT 2019
| Date         : Sun Feb  7 14:28:19 2021
| Host         : LOUIS-HP15 running 64-bit major release  (build 9200)
| Command      : upgrade_ip
| Device       : xc7z020clg400-1
------------------------------------------------------------------------------------

Upgrade Log for IP 'test_OrganHarmonizer_0_0'

1. Summary
----------

SUCCESS in the upgrade of test_OrganHarmonizer_0_0 (xilinx.com:user:OrganHarmonizer:1.0) from (Rev. 22) to (Rev. 23)






Copyright 1986-2019 Xilinx, Inc. All Rights Reserved.
------------------------------------------------------------------------------------
| Tool Version : Vivado v.2019.1 (win64) Build 2552052 Fri May 24 14:49:42 MDT 2019
| Date         : Sun Feb  7 13:18:29 2021
| Host         : LOUIS-HP15 running 64-bit major release  (build 9200)
| Command      : upgrade_ip
| Device       : xc7z020clg400-1
------------------------------------------------------------------------------------

Upgrade Log for IP 'test_OrganHarmonizer_0_0'

1. Summary
----------

SUCCESS in the upgrade of test_OrganHarmonizer_0_0 (xilinx.com:user:OrganHarmonizer:1.0) from (Rev. 21) to (Rev. 22)






Copyright 1986-2019 Xilinx, Inc. All Rights Reserved.
------------------------------------------------------------------------------------
| Tool Version : Vivado v.2019.1 (win64) Build 2552052 Fri May 24 14:49:42 MDT 2019
| Date         : Sun Feb  7 12:54:05 2021
| Host         : LOUIS-HP15 running 64-bit major release  (build 9200)
| Command      : upgrade_ip
| Device       : xc7z020clg400-1
------------------------------------------------------------------------------------

Upgrade Log for IP 'test_OrganHarmonizer_0_0'

1. Summary
----------

SUCCESS in the upgrade of test_OrganHarmonizer_0_0 (xilinx.com:user:OrganHarmonizer:1.0) from (Rev. 20) to (Rev. 21)






Copyright 1986-2019 Xilinx, Inc. All Rights Reserved.
------------------------------------------------------------------------------------
| Tool Version : Vivado v.2019.1 (win64) Build 2552052 Fri May 24 14:49:42 MDT 2019
| Date         : Sun Feb  7 12:34:53 2021
| Host         : LOUIS-HP15 running 64-bit major release  (build 9200)
| Command      : upgrade_ip
| Device       : xc7z020clg400-1
------------------------------------------------------------------------------------

Upgrade Log for IP 'test_OrganHarmonizer_0_0'

1. Summary
----------

SUCCESS in the upgrade of test_OrganHarmonizer_0_0 (xilinx.com:user:OrganHarmonizer:1.0) from (Rev. 19) to (Rev. 20)






Copyright 1986-2019 Xilinx, Inc. All Rights Reserved.
------------------------------------------------------------------------------------
| Tool Version : Vivado v.2019.1 (win64) Build 2552052 Fri May 24 14:49:42 MDT 2019
| Date         : Sun Feb  7 12:11:56 2021
| Host         : LOUIS-HP15 running 64-bit major release  (build 9200)
| Command      : upgrade_ip
| Device       : xc7z020clg400-1
------------------------------------------------------------------------------------

Upgrade Log for IP 'test_OrganHarmonizer_0_0'

1. Summary
----------

SUCCESS in the upgrade of test_OrganHarmonizer_0_0 (xilinx.com:user:OrganHarmonizer:1.0) from (Rev. 18) to (Rev. 19)






Copyright 1986-2019 Xilinx, Inc. All Rights Reserved.
------------------------------------------------------------------------------------
| Tool Version : Vivado v.2019.1 (win64) Build 2552052 Fri May 24 14:49:42 MDT 2019
| Date         : Sun Feb  7 11:48:18 2021
| Host         : LOUIS-HP15 running 64-bit major release  (build 9200)
| Command      : upgrade_ip
| Device       : xc7z020clg400-1
------------------------------------------------------------------------------------

Upgrade Log for IP 'test_OrganHarmonizer_0_0'

1. Summary
----------

SUCCESS in the upgrade of test_OrganHarmonizer_0_0 (xilinx.com:user:OrganHarmonizer:1.0) from (Rev. 17) to (Rev. 18)






Copyright 1986-2019 Xilinx, Inc. All Rights Reserved.
------------------------------------------------------------------------------------
| Tool Version : Vivado v.2019.1 (win64) Build 2552052 Fri May 24 14:49:42 MDT 2019
| Date         : Sun Feb  7 02:43:58 2021
| Host         : LOUIS-HP15 running 64-bit major release  (build 9200)
| Command      : upgrade_ip
| Device       : xc7z020clg400-1
------------------------------------------------------------------------------------

Upgrade Log for IP 'test_OrganHarmonizer_0_0'

1. Summary
----------

SUCCESS in the upgrade of test_OrganHarmonizer_0_0 (xilinx.com:user:OrganHarmonizer:1.0) from (Rev. 16) to (Rev. 17)






Copyright 1986-2019 Xilinx, Inc. All Rights Reserved.
------------------------------------------------------------------------------------
| Tool Version : Vivado v.2019.1 (win64) Build 2552052 Fri May 24 14:49:42 MDT 2019
| Date         : Sun Feb  7 02:42:46 2021
| Host         : LOUIS-HP15 running 64-bit major release  (build 9200)
| Command      : upgrade_ip
| Device       : xc7z020clg400-1
------------------------------------------------------------------------------------

Upgrade Log for IP 'test_OrganHarmonizer_0_0'

1. Summary
----------

SUCCESS in the upgrade of test_OrganHarmonizer_0_0 (xilinx.com:user:OrganHarmonizer:1.0) from (Rev. 12) to (Rev. 16)






Copyright 1986-2019 Xilinx, Inc. All Rights Reserved.
------------------------------------------------------------------------------------
| Tool Version : Vivado v.2019.1 (win64) Build 2552052 Fri May 24 14:49:42 MDT 2019
| Date         : Sun Feb  7 01:52:20 2021
| Host         : LOUIS-HP15 running 64-bit major release  (build 9200)
| Command      : upgrade_ip
| Device       : xc7z020clg400-1
------------------------------------------------------------------------------------

Upgrade Log for IP 'test_OrganHarmonizer_0_0'

1. Summary
----------

SUCCESS in the upgrade of test_OrganHarmonizer_0_0 (xilinx.com:user:OrganHarmonizer:1.0) from (Rev. 11) to (Rev. 12)






Copyright 1986-2019 Xilinx, Inc. All Rights Reserved.
------------------------------------------------------------------------------------
| Tool Version : Vivado v.2019.1 (win64) Build 2552052 Fri May 24 14:49:42 MDT 2019
| Date         : Sun Feb  7 01:15:32 2021
| Host         : LOUIS-HP15 running 64-bit major release  (build 9200)
| Command      : upgrade_ip
| Device       : xc7z020clg400-1
------------------------------------------------------------------------------------

Upgrade Log for IP 'test_OrganHarmonizer_0_0'

1. Summary
----------

SUCCESS in the upgrade of test_OrganHarmonizer_0_0 (xilinx.com:user:OrganHarmonizer:1.0) from (Rev. 10) to (Rev. 11)






Copyright 1986-2019 Xilinx, Inc. All Rights Reserved.
------------------------------------------------------------------------------------
| Tool Version : Vivado v.2019.1 (win64) Build 2552052 Fri May 24 14:49:42 MDT 2019
| Date         : Sun Feb  7 00:36:59 2021
| Host         : LOUIS-HP15 running 64-bit major release  (build 9200)
| Command      : upgrade_ip
| Device       : xc7z020clg400-1
------------------------------------------------------------------------------------

Upgrade Log for IP 'test_OrganHarmonizer_0_0'

1. Summary
----------

SUCCESS in the upgrade of test_OrganHarmonizer_0_0 (xilinx.com:user:OrganHarmonizer:1.0) from (Rev. 9) to (Rev. 10)






Copyright 1986-2019 Xilinx, Inc. All Rights Reserved.
------------------------------------------------------------------------------------
| Tool Version : Vivado v.2019.1 (win64) Build 2552052 Fri May 24 14:49:42 MDT 2019
| Date         : Sun Feb  7 00:00:53 2021
| Host         : LOUIS-HP15 running 64-bit major release  (build 9200)
| Command      : upgrade_ip
| Device       : xc7z020clg400-1
------------------------------------------------------------------------------------

Upgrade Log for IP 'test_OrganHarmonizer_0_0'

1. Summary
----------

SUCCESS in the upgrade of test_OrganHarmonizer_0_0 (xilinx.com:user:OrganHarmonizer:1.0) from (Rev. 8) to (Rev. 9)






Copyright 1986-2019 Xilinx, Inc. All Rights Reserved.
------------------------------------------------------------------------------------
| Tool Version : Vivado v.2019.1 (win64) Build 2552052 Fri May 24 14:49:42 MDT 2019
| Date         : Sat Feb  6 23:08:05 2021
| Host         : LOUIS-HP15 running 64-bit major release  (build 9200)
| Command      : upgrade_ip
| Device       : xc7z020clg400-1
------------------------------------------------------------------------------------

Upgrade Log for IP 'test_OrganHarmonizer_0_0'

1. Summary
----------

SUCCESS in the upgrade of test_OrganHarmonizer_0_0 (xilinx.com:user:OrganHarmonizer:1.0) from (Rev. 7) to (Rev. 8)






Copyright 1986-2019 Xilinx, Inc. All Rights Reserved.
------------------------------------------------------------------------------------
| Tool Version : Vivado v.2019.1 (win64) Build 2552052 Fri May 24 14:49:42 MDT 2019
| Date         : Sat Feb  6 12:03:38 2021
| Host         : LOUIS-HP15 running 64-bit major release  (build 9200)
| Command      : upgrade_ip
| Device       : xc7z020clg400-1
------------------------------------------------------------------------------------

Upgrade Log for IP 'test_OrganHarmonizer_0_0'

1. Summary
----------

SUCCESS in the upgrade of test_OrganHarmonizer_0_0 (xilinx.com:user:OrganHarmonizer:1.0) from (Rev. 6) to (Rev. 7)






Copyright 1986-2019 Xilinx, Inc. All Rights Reserved.
------------------------------------------------------------------------------------
| Tool Version : Vivado v.2019.1 (win64) Build 2552052 Fri May 24 14:49:42 MDT 2019
| Date         : Sat Feb  6 11:36:14 2021
| Host         : LOUIS-HP15 running 64-bit major release  (build 9200)
| Command      : upgrade_ip
| Device       : xc7z020clg400-1
------------------------------------------------------------------------------------

Upgrade Log for IP 'test_OrganHarmonizer_0_0'

1. Summary
----------

SUCCESS in the upgrade of test_OrganHarmonizer_0_0 (xilinx.com:user:OrganHarmonizer:1.0) from (Rev. 5) to (Rev. 6)






Copyright 1986-2019 Xilinx, Inc. All Rights Reserved.
------------------------------------------------------------------------------------
| Tool Version : Vivado v.2019.1 (win64) Build 2552052 Fri May 24 14:49:42 MDT 2019
| Date         : Fri Feb  5 10:21:55 2021
| Host         : LOUIS-HP15 running 64-bit major release  (build 9200)
| Command      : upgrade_ip
| Device       : xc7z020clg400-1
------------------------------------------------------------------------------------

Upgrade Log for IP 'test_OrganHarmonizer_0_0'

1. Summary
----------

SUCCESS in the upgrade of test_OrganHarmonizer_0_0 (xilinx.com:user:OrganHarmonizer:1.0) from (Rev. 1) to (Rev. 5)

