#-----------------------------------------------------------
# Webtalk v2019.1.3 (64-bit)
# SW Build 2644227 on Wed Sep  4 09:45:24 MDT 2019
# 
# Start of session at: Sat May  7 00:23:09 2022
# Process ID: 3252
# Current directory: C:/Users/tacat/Documents/GitHub/HOMeR-Hardware-OMR/HOMeR/OrganNotes.sdk/webtalk
# Command line: wbtcv.exe -mode batch -source sdk_webtalk.tcl
# Log file: C:/Users/tacat/Documents/GitHub/HOMeR-Hardware-OMR/HOMeR/OrganNotes.sdk/webtalk/webtalk.log
# Journal file: C:/Users/tacat/Documents/GitHub/HOMeR-Hardware-OMR/HOMeR/OrganNotes.sdk/webtalk\webtalk.jou
#-----------------------------------------------------------
source sdk_webtalk.tcl
# webtalk_init -webtalk_dir C:\\Users\\tacat\\Documents\\GitHub\\HOMeR-Hardware-OMR\\HOMeR\\OrganNotes.sdk\\webtalk
# webtalk_register_client -client project
# webtalk_add_data -client project -key date_generated -value "2022-05-07 00:23:08" -context "software_version_and_target_device"
# webtalk_add_data -client project -key product_version -value "SDK v2019.1" -context "software_version_and_target_device"
# webtalk_add_data -client project -key build_version -value "2019.1" -context "software_version_and_target_device"
# webtalk_add_data -client project -key os_platform -value "amd64" -context "software_version_and_target_device"
# webtalk_add_data -client project -key registration_id -value "" -context "software_version_and_target_device"
# webtalk_add_data -client project -key tool_flow -value "SDK" -context "software_version_and_target_device"
# webtalk_add_data -client project -key beta -value "false" -context "software_version_and_target_device"
# webtalk_add_data -client project -key route_design -value "NA" -context "software_version_and_target_device"
# webtalk_add_data -client project -key target_family -value "NA" -context "software_version_and_target_device"
# webtalk_add_data -client project -key target_device -value "NA" -context "software_version_and_target_device"
# webtalk_add_data -client project -key target_package -value "NA" -context "software_version_and_target_device"
# webtalk_add_data -client project -key target_speed -value "NA" -context "software_version_and_target_device"
# webtalk_add_data -client project -key random_id -value "ptmmuud31a47mp255dmf6qe0es" -context "software_version_and_target_device"
# webtalk_add_data -client project -key project_id -value "2019.1_12" -context "software_version_and_target_device"
# webtalk_add_data -client project -key project_iteration -value "12" -context "software_version_and_target_device"
# webtalk_add_data -client project -key os_name -value "Microsoft Windows 8 or later , 64-bit" -context "user_environment"
# webtalk_add_data -client project -key os_release -value "major release  (build 9200)" -context "user_environment"
# webtalk_add_data -client project -key cpu_name -value "11th Gen Intel(R) Core(TM) i5-1135G7 @ 2.40GHz" -context "user_environment"
# webtalk_add_data -client project -key cpu_speed -value "2419 MHz" -context "user_environment"
# webtalk_add_data -client project -key total_processors -value "1" -context "user_environment"
# webtalk_add_data -client project -key system_ram -value "12.640 GB" -context "user_environment"
# webtalk_register_client -client sdk
# webtalk_add_data -client sdk -key uid -value "1651895183946" -context "sdk\\\\hardware/1651895183946"
# webtalk_add_data -client sdk -key isZynq -value "true" -context "sdk\\\\hardware/1651895183946"
# webtalk_add_data -client sdk -key isZynqMP -value "false" -context "sdk\\\\hardware/1651895183946"
# webtalk_add_data -client sdk -key Processors -value "2" -context "sdk\\\\hardware/1651895183946"
# webtalk_add_data -client sdk -key VivadoVersion -value "2019.1" -context "sdk\\\\hardware/1651895183946"
# webtalk_add_data -client sdk -key Arch -value "zynq" -context "sdk\\\\hardware/1651895183946"
# webtalk_add_data -client sdk -key Device -value "7z020" -context "sdk\\\\hardware/1651895183946"
# webtalk_add_data -client sdk -key IsHandoff -value "true" -context "sdk\\\\hardware/1651895183946"
# webtalk_add_data -client sdk -key os -value "NA" -context "sdk\\\\hardware/1651895183946"
# webtalk_add_data -client sdk -key apptemplate -value "NA" -context "sdk\\\\hardware/1651895183946"
# webtalk_add_data -client sdk -key RecordType -value "HWCreation" -context "sdk\\\\hardware/1651895183946"
# webtalk_add_data -client sdk -key uid -value "NA" -context "sdk\\\\bsp/1651897388245"
# webtalk_add_data -client sdk -key RecordType -value "ToolUsage" -context "sdk\\\\bsp/1651897388245"
# webtalk_add_data -client sdk -key BootgenCount -value "0" -context "sdk\\\\bsp/1651897388245"
# webtalk_add_data -client sdk -key DebugCount -value "0" -context "sdk\\\\bsp/1651897388245"
# webtalk_add_data -client sdk -key PerfCount -value "0" -context "sdk\\\\bsp/1651897388245"
# webtalk_add_data -client sdk -key FlashCount -value "0" -context "sdk\\\\bsp/1651897388245"
# webtalk_add_data -client sdk -key CrossTriggCount -value "0" -context "sdk\\\\bsp/1651897388245"
# webtalk_add_data -client sdk -key QemuDebugCount -value "0" -context "sdk\\\\bsp/1651897388245"
# webtalk_transmit -clientid 529857306 -regid "" -xml C:\\Users\\tacat\\Documents\\GitHub\\HOMeR-Hardware-OMR\\HOMeR\\OrganNotes.sdk\\webtalk\\usage_statistics_ext_sdk.xml -html C:\\Users\\tacat\\Documents\\GitHub\\HOMeR-Hardware-OMR\\HOMeR\\OrganNotes.sdk\\webtalk\\usage_statistics_ext_sdk.html -wdm C:\\Users\\tacat\\Documents\\GitHub\\HOMeR-Hardware-OMR\\HOMeR\\OrganNotes.sdk\\webtalk\\sdk_webtalk.wdm -intro "<H3>SDK Usage Report</H3><BR>"
# webtalk_terminate
INFO: [Common 17-206] Exiting Webtalk at Sat May  7 00:23:11 2022...
