INFO: [VRFC 10-2263] Analyzing Verilog file "C:/Projects/FinalProject/TestDesigns/OrganNotes/OrganNotes.srcs/sources_1/imports/src/blender.v" into library xil_defaultlib
INFO: [VRFC 10-311] analyzing module blender
INFO: [VRFC 10-2263] Analyzing Verilog file "C:/Projects/FinalProject/TestDesigns/OrganNotes/OrganNotes.srcs/sources_1/imports/src/tone_gen.v" into library xil_defaultlib
INFO: [VRFC 10-311] analyzing module tone_gen
INFO: [VRFC 10-2263] Analyzing Verilog file "C:/Projects/FinalProject/TestDesigns/OrganNotes/OrganNotes.srcs/sources_1/imports/src/fcw_ctrl.v" into library xil_defaultlib
INFO: [VRFC 10-311] analyzing module fcw_ctrl
INFO: [VRFC 10-2263] Analyzing Verilog file "C:/Projects/FinalProject/TestDesigns/OrganNotes/OrganNotes.srcs/sources_1/imports/src/fcw_table.v" into library xil_defaultlib
INFO: [VRFC 10-311] analyzing module fcw_table
INFO: [VRFC 10-2263] Analyzing Verilog file "C:/Projects/FinalProject/TestDesigns/OrganNotes/OrganNotes.srcs/sources_1/imports/src/music_dds.v" into library xil_defaultlib
INFO: [VRFC 10-311] analyzing module music_dds
INFO: [VRFC 10-2263] Analyzing Verilog file "C:/Projects/FinalProject/TestDesigns/OrganNotes/OrganNotes.srcs/sources_1/imports/src/nco.v" into library xil_defaultlib
INFO: [VRFC 10-311] analyzing module nco
INFO: [VRFC 10-2263] Analyzing Verilog file "C:/Projects/FinalProject/TestDesigns/OrganNotes/OrganNotes.srcs/sources_1/new/organ_note.v" into library xil_defaultlib
INFO: [VRFC 10-311] analyzing module organ_note
INFO: [VRFC 10-2263] Analyzing Verilog file "C:/Projects/FinalProject/TestDesigns/OrganNotes/OrganNotes.srcs/sources_1/imports/src/sine_table.v" into library xil_defaultlib
INFO: [VRFC 10-311] analyzing module sine_table
INFO: [VRFC 10-2263] Analyzing Verilog file "C:/Projects/FinalProject/TestDesigns/OrganNotes/OrganNotes.srcs/sources_1/imports/src/harmonizer.v" into library xil_defaultlib
INFO: [VRFC 10-311] analyzing module harmonizer
INFO: [VRFC 10-2263] Analyzing Verilog file "C:/Projects/FinalProject/TestDesigns/OrganNotes/OrganNotes.srcs/sim_1/new/organ_tb.v" into library xil_defaultlib
INFO: [VRFC 10-311] analyzing module organ_tb
