23:41:14 INFO  : Registering command handlers for SDK TCF services
23:41:15 INFO  : Launching XSCT server: xsct.bat -interactive C:\Projects\FinalProject\TestDesigns\OrganNotes\OrganNotes.sdk\temp_xsdb_launch_script.tcl
23:41:19 INFO  : XSCT server has started successfully.
23:41:19 INFO  : Successfully done setting XSCT server connection channel  
23:41:19 INFO  : Successfully done setting SDK workspace  
23:41:19 INFO  : Processing command line option -hwspec C:/Projects/FinalProject/TestDesigns/OrganNotes/OrganNotes.sdk/test_wrapper.hdf.
23:48:54 INFO  : Connected to target on host '127.0.0.1' and port '3121'.
23:48:56 INFO  : 'targets -set -filter {jtag_cable_name =~ "Digilent Zybo Z7 210351AD6B73A" && level==0} -index 1' command is executed.
23:48:58 INFO  : FPGA configured successfully with bitstream "C:/Projects/FinalProject/TestDesigns/OrganNotes/OrganNotes.sdk/test_wrapper_hw_platform_0/test_wrapper.bit"
23:49:20 INFO  : 'targets -set -filter {jtag_cable_name =~ "Digilent Zybo Z7 210351AD6B73A" && level==0} -index 1' command is executed.
23:49:20 INFO  : 'fpga -state' command is executed.
23:49:20 INFO  : Connected to target on host '127.0.0.1' and port '3121'.
23:49:21 INFO  : Jtag cable 'Digilent Zybo Z7 210351AD6B73A' is selected.
23:49:21 INFO  : 'jtag frequency' command is executed.
23:49:21 INFO  : Sourcing of 'C:/Projects/FinalProject/TestDesigns/OrganNotes/OrganNotes.sdk/test_wrapper_hw_platform_0/ps7_init.tcl' is done.
23:49:21 INFO  : Context for 'APU' is selected.
23:49:21 INFO  : Hardware design information is loaded from 'C:/Projects/FinalProject/TestDesigns/OrganNotes/OrganNotes.sdk/test_wrapper_hw_platform_0/system.hdf'.
23:49:21 INFO  : 'configparams force-mem-access 1' command is executed.
23:49:21 INFO  : Context for 'APU' is selected.
23:49:21 INFO  : 'stop' command is executed.
23:49:22 INFO  : 'ps7_init' command is executed.
23:49:22 INFO  : 'ps7_post_config' command is executed.
23:49:22 INFO  : Context for processor 'ps7_cortexa9_0' is selected.
23:49:22 INFO  : Processor reset is completed for 'ps7_cortexa9_0'.
23:49:22 INFO  : Context for processor 'ps7_cortexa9_0' is selected.
23:49:23 INFO  : The application 'C:/Projects/FinalProject/TestDesigns/OrganNotes/OrganNotes.sdk/test1/Debug/test1.elf' is downloaded to processor 'ps7_cortexa9_0'.
23:49:23 INFO  : 'configparams force-mem-access 0' command is executed.
23:49:23 INFO  : ----------------XSDB Script----------------
connect -url tcp:127.0.0.1:3121
source C:/Projects/FinalProject/TestDesigns/OrganNotes/OrganNotes.sdk/test_wrapper_hw_platform_0/ps7_init.tcl
targets -set -nocase -filter {name =~"APU*" && jtag_cable_name =~ "Digilent Zybo Z7 210351AD6B73A"} -index 0
loadhw -hw C:/Projects/FinalProject/TestDesigns/OrganNotes/OrganNotes.sdk/test_wrapper_hw_platform_0/system.hdf -mem-ranges [list {0x40000000 0xbfffffff}]
configparams force-mem-access 1
targets -set -nocase -filter {name =~"APU*" && jtag_cable_name =~ "Digilent Zybo Z7 210351AD6B73A"} -index 0
stop
ps7_init
ps7_post_config
targets -set -nocase -filter {name =~ "ARM*#0" && jtag_cable_name =~ "Digilent Zybo Z7 210351AD6B73A"} -index 0
rst -processor
targets -set -nocase -filter {name =~ "ARM*#0" && jtag_cable_name =~ "Digilent Zybo Z7 210351AD6B73A"} -index 0
dow C:/Projects/FinalProject/TestDesigns/OrganNotes/OrganNotes.sdk/test1/Debug/test1.elf
configparams force-mem-access 0
----------------End of Script----------------

23:49:23 INFO  : Context for processor 'ps7_cortexa9_0' is selected.
23:49:23 INFO  : 'con' command is executed.
23:49:23 INFO  : ----------------XSDB Script (After Launch)----------------
targets -set -nocase -filter {name =~ "ARM*#0" && jtag_cable_name =~ "Digilent Zybo Z7 210351AD6B73A"} -index 0
con
----------------End of Script----------------

23:49:23 INFO  : Disconnected from the channel tcfchan#1.
23:51:48 INFO  : 'targets -set -filter {jtag_cable_name =~ "Digilent Zybo Z7 210351AD6B73A" && level==0} -index 1' command is executed.
23:51:48 INFO  : 'fpga -state' command is executed.
23:51:56 INFO  : Connected to target on host '127.0.0.1' and port '3121'.
23:51:57 INFO  : 'targets -set -filter {jtag_cable_name =~ "Digilent Zybo Z7 210351AD6B73A" && level==0} -index 1' command is executed.
23:51:59 INFO  : FPGA configured successfully with bitstream "C:/Projects/FinalProject/TestDesigns/OrganNotes/OrganNotes.sdk/test_wrapper_hw_platform_0/test_wrapper.bit"
23:52:08 INFO  : 'targets -set -filter {jtag_cable_name =~ "Digilent Zybo Z7 210351AD6B73A" && level==0} -index 1' command is executed.
23:52:08 INFO  : 'fpga -state' command is executed.
23:52:08 INFO  : Connected to target on host '127.0.0.1' and port '3121'.
23:52:09 INFO  : Jtag cable 'Digilent Zybo Z7 210351AD6B73A' is selected.
23:52:09 INFO  : 'jtag frequency' command is executed.
23:52:09 INFO  : Sourcing of 'C:/Projects/FinalProject/TestDesigns/OrganNotes/OrganNotes.sdk/test_wrapper_hw_platform_0/ps7_init.tcl' is done.
23:52:09 INFO  : Context for 'APU' is selected.
23:52:09 INFO  : Hardware design information is loaded from 'C:/Projects/FinalProject/TestDesigns/OrganNotes/OrganNotes.sdk/test_wrapper_hw_platform_0/system.hdf'.
23:52:09 INFO  : 'configparams force-mem-access 1' command is executed.
23:52:09 INFO  : Context for 'APU' is selected.
23:52:09 INFO  : 'stop' command is executed.
23:52:10 INFO  : 'ps7_init' command is executed.
23:52:10 INFO  : 'ps7_post_config' command is executed.
23:52:10 INFO  : Context for processor 'ps7_cortexa9_0' is selected.
23:52:10 INFO  : Processor reset is completed for 'ps7_cortexa9_0'.
23:52:10 INFO  : Context for processor 'ps7_cortexa9_0' is selected.
23:52:11 INFO  : The application 'C:/Projects/FinalProject/TestDesigns/OrganNotes/OrganNotes.sdk/test1/Debug/test1.elf' is downloaded to processor 'ps7_cortexa9_0'.
23:52:11 INFO  : 'configparams force-mem-access 0' command is executed.
23:52:11 INFO  : ----------------XSDB Script----------------
connect -url tcp:127.0.0.1:3121
source C:/Projects/FinalProject/TestDesigns/OrganNotes/OrganNotes.sdk/test_wrapper_hw_platform_0/ps7_init.tcl
targets -set -nocase -filter {name =~"APU*" && jtag_cable_name =~ "Digilent Zybo Z7 210351AD6B73A"} -index 0
loadhw -hw C:/Projects/FinalProject/TestDesigns/OrganNotes/OrganNotes.sdk/test_wrapper_hw_platform_0/system.hdf -mem-ranges [list {0x40000000 0xbfffffff}]
configparams force-mem-access 1
targets -set -nocase -filter {name =~"APU*" && jtag_cable_name =~ "Digilent Zybo Z7 210351AD6B73A"} -index 0
stop
ps7_init
ps7_post_config
targets -set -nocase -filter {name =~ "ARM*#0" && jtag_cable_name =~ "Digilent Zybo Z7 210351AD6B73A"} -index 0
rst -processor
targets -set -nocase -filter {name =~ "ARM*#0" && jtag_cable_name =~ "Digilent Zybo Z7 210351AD6B73A"} -index 0
dow C:/Projects/FinalProject/TestDesigns/OrganNotes/OrganNotes.sdk/test1/Debug/test1.elf
configparams force-mem-access 0
----------------End of Script----------------

23:52:11 INFO  : Context for processor 'ps7_cortexa9_0' is selected.
23:52:11 INFO  : 'con' command is executed.
23:52:11 INFO  : ----------------XSDB Script (After Launch)----------------
targets -set -nocase -filter {name =~ "ARM*#0" && jtag_cable_name =~ "Digilent Zybo Z7 210351AD6B73A"} -index 0
con
----------------End of Script----------------

23:52:11 INFO  : Disconnected from the channel tcfchan#2.
00:20:12 INFO  : Registering command handlers for SDK TCF services
00:20:13 INFO  : Launching XSCT server: xsct.bat -interactive C:\Projects\FinalProject\TestDesigns\OrganNotes\OrganNotes.sdk\temp_xsdb_launch_script.tcl
00:20:16 INFO  : XSCT server has started successfully.
00:20:16 INFO  : Successfully done setting XSCT server connection channel  
00:20:17 INFO  : Successfully done setting SDK workspace  
00:20:17 INFO  : Processing command line option -hwspec C:/Projects/FinalProject/TestDesigns/OrganNotes/OrganNotes.sdk/test_wrapper.hdf.
00:20:17 INFO  : Checking for hwspec changes in the project test_wrapper_hw_platform_0.
00:20:22 INFO  : SDK has detected change in the last modified timestamps for source hardware specification file Source:1612685927996,  Project:1612682884961
00:20:22 INFO  : The hardware specification for project 'test_wrapper_hw_platform_0' is different from C:/Projects/FinalProject/TestDesigns/OrganNotes/OrganNotes.sdk/test_wrapper.hdf.
00:20:22 INFO  : Copied contents of C:/Projects/FinalProject/TestDesigns/OrganNotes/OrganNotes.sdk/test_wrapper.hdf into \test_wrapper_hw_platform_0\system.hdf.
00:20:38 INFO  : Synchronizing projects in the workspace with the hardware platform specification changes.
00:20:43 INFO  : 
00:20:44 INFO  : Updating hardware inferred compiler options for test1.
00:20:44 INFO  : Clearing existing target manager status.
00:23:08 INFO  : Connected to target on host '127.0.0.1' and port '3121'.
00:23:11 INFO  : 'targets -set -filter {jtag_cable_name =~ "Digilent Zybo Z7 210351AD6B73A" && level==0} -index 1' command is executed.
00:23:14 INFO  : FPGA configured successfully with bitstream "C:/Projects/FinalProject/TestDesigns/OrganNotes/OrganNotes.sdk/test_wrapper_hw_platform_0/test_wrapper.bit"
00:24:45 INFO  : 'targets -set -filter {jtag_cable_name =~ "Digilent Zybo Z7 210351AD6B73A" && level==0} -index 1' command is executed.
00:24:45 INFO  : 'fpga -state' command is executed.
00:24:45 INFO  : Connected to target on host '127.0.0.1' and port '3121'.
00:24:46 INFO  : Jtag cable 'Digilent Zybo Z7 210351AD6B73A' is selected.
00:24:46 INFO  : 'jtag frequency' command is executed.
00:24:46 INFO  : Sourcing of 'C:/Projects/FinalProject/TestDesigns/OrganNotes/OrganNotes.sdk/test_wrapper_hw_platform_0/ps7_init.tcl' is done.
00:24:46 INFO  : Context for 'APU' is selected.
00:24:46 INFO  : Hardware design information is loaded from 'C:/Projects/FinalProject/TestDesigns/OrganNotes/OrganNotes.sdk/test_wrapper_hw_platform_0/system.hdf'.
00:24:46 INFO  : 'configparams force-mem-access 1' command is executed.
00:24:46 INFO  : Context for 'APU' is selected.
00:24:46 INFO  : 'stop' command is executed.
00:24:46 INFO  : 'ps7_init' command is executed.
00:24:46 INFO  : 'ps7_post_config' command is executed.
00:24:46 INFO  : Context for processor 'ps7_cortexa9_0' is selected.
00:24:46 INFO  : Processor reset is completed for 'ps7_cortexa9_0'.
00:24:46 INFO  : Context for processor 'ps7_cortexa9_0' is selected.
00:24:47 INFO  : The application 'C:/Projects/FinalProject/TestDesigns/OrganNotes/OrganNotes.sdk/test1/Debug/test1.elf' is downloaded to processor 'ps7_cortexa9_0'.
00:24:47 INFO  : 'configparams force-mem-access 0' command is executed.
00:24:47 INFO  : ----------------XSDB Script----------------
connect -url tcp:127.0.0.1:3121
source C:/Projects/FinalProject/TestDesigns/OrganNotes/OrganNotes.sdk/test_wrapper_hw_platform_0/ps7_init.tcl
targets -set -nocase -filter {name =~"APU*" && jtag_cable_name =~ "Digilent Zybo Z7 210351AD6B73A"} -index 0
loadhw -hw C:/Projects/FinalProject/TestDesigns/OrganNotes/OrganNotes.sdk/test_wrapper_hw_platform_0/system.hdf -mem-ranges [list {0x40000000 0xbfffffff}]
configparams force-mem-access 1
targets -set -nocase -filter {name =~"APU*" && jtag_cable_name =~ "Digilent Zybo Z7 210351AD6B73A"} -index 0
stop
ps7_init
ps7_post_config
targets -set -nocase -filter {name =~ "ARM*#0" && jtag_cable_name =~ "Digilent Zybo Z7 210351AD6B73A"} -index 0
rst -processor
targets -set -nocase -filter {name =~ "ARM*#0" && jtag_cable_name =~ "Digilent Zybo Z7 210351AD6B73A"} -index 0
dow C:/Projects/FinalProject/TestDesigns/OrganNotes/OrganNotes.sdk/test1/Debug/test1.elf
configparams force-mem-access 0
----------------End of Script----------------

00:24:47 INFO  : Context for processor 'ps7_cortexa9_0' is selected.
00:24:47 INFO  : 'con' command is executed.
00:24:47 INFO  : ----------------XSDB Script (After Launch)----------------
targets -set -nocase -filter {name =~ "ARM*#0" && jtag_cable_name =~ "Digilent Zybo Z7 210351AD6B73A"} -index 0
con
----------------End of Script----------------

00:24:47 INFO  : Disconnected from the channel tcfchan#1.
00:25:29 INFO  : 'targets -set -filter {jtag_cable_name =~ "Digilent Zybo Z7 210351AD6B73A" && level==0} -index 1' command is executed.
00:25:29 INFO  : 'fpga -state' command is executed.
00:25:29 INFO  : Connected to target on host '127.0.0.1' and port '3121'.
00:25:29 INFO  : Jtag cable 'Digilent Zybo Z7 210351AD6B73A' is selected.
00:25:29 INFO  : 'jtag frequency' command is executed.
00:25:29 INFO  : Sourcing of 'C:/Projects/FinalProject/TestDesigns/OrganNotes/OrganNotes.sdk/test_wrapper_hw_platform_0/ps7_init.tcl' is done.
00:25:30 INFO  : Context for 'APU' is selected.
00:25:33 INFO  : Hardware design information is loaded from 'C:/Projects/FinalProject/TestDesigns/OrganNotes/OrganNotes.sdk/test_wrapper_hw_platform_0/system.hdf'.
00:25:33 INFO  : 'configparams force-mem-access 1' command is executed.
00:25:34 INFO  : Context for 'APU' is selected.
00:25:34 INFO  : 'stop' command is executed.
00:25:34 INFO  : 'ps7_init' command is executed.
00:25:34 INFO  : 'ps7_post_config' command is executed.
00:25:35 INFO  : Context for processor 'ps7_cortexa9_0' is selected.
00:25:35 INFO  : Processor reset is completed for 'ps7_cortexa9_0'.
00:25:36 INFO  : Context for processor 'ps7_cortexa9_0' is selected.
00:25:36 INFO  : The application 'C:/Projects/FinalProject/TestDesigns/OrganNotes/OrganNotes.sdk/test1/Debug/test1.elf' is downloaded to processor 'ps7_cortexa9_0'.
00:25:36 INFO  : 'configparams force-mem-access 0' command is executed.
00:25:36 INFO  : ----------------XSDB Script----------------
connect -url tcp:127.0.0.1:3121
source C:/Projects/FinalProject/TestDesigns/OrganNotes/OrganNotes.sdk/test_wrapper_hw_platform_0/ps7_init.tcl
targets -set -nocase -filter {name =~"APU*" && jtag_cable_name =~ "Digilent Zybo Z7 210351AD6B73A"} -index 0
loadhw -hw C:/Projects/FinalProject/TestDesigns/OrganNotes/OrganNotes.sdk/test_wrapper_hw_platform_0/system.hdf -mem-ranges [list {0x40000000 0xbfffffff}]
configparams force-mem-access 1
targets -set -nocase -filter {name =~"APU*" && jtag_cable_name =~ "Digilent Zybo Z7 210351AD6B73A"} -index 0
stop
ps7_init
ps7_post_config
targets -set -nocase -filter {name =~ "ARM*#0" && jtag_cable_name =~ "Digilent Zybo Z7 210351AD6B73A"} -index 0
rst -processor
targets -set -nocase -filter {name =~ "ARM*#0" && jtag_cable_name =~ "Digilent Zybo Z7 210351AD6B73A"} -index 0
dow C:/Projects/FinalProject/TestDesigns/OrganNotes/OrganNotes.sdk/test1/Debug/test1.elf
configparams force-mem-access 0
----------------End of Script----------------

00:25:37 INFO  : Context for processor 'ps7_cortexa9_0' is selected.
00:25:37 INFO  : 'con' command is executed.
00:25:37 INFO  : ----------------XSDB Script (After Launch)----------------
targets -set -nocase -filter {name =~ "ARM*#0" && jtag_cable_name =~ "Digilent Zybo Z7 210351AD6B73A"} -index 0
con
----------------End of Script----------------

00:25:37 INFO  : Disconnected from the channel tcfchan#2.
00:54:17 INFO  : Registering command handlers for SDK TCF services
00:54:18 INFO  : Launching XSCT server: xsct.bat -interactive C:\Projects\FinalProject\TestDesigns\OrganNotes\OrganNotes.sdk\temp_xsdb_launch_script.tcl
00:54:22 INFO  : XSCT server has started successfully.
00:54:22 INFO  : Successfully done setting XSCT server connection channel  
00:54:22 INFO  : Successfully done setting SDK workspace  
00:54:22 INFO  : Processing command line option -hwspec C:/Projects/FinalProject/TestDesigns/OrganNotes/OrganNotes.sdk/test_wrapper.hdf.
00:54:22 INFO  : Checking for hwspec changes in the project test_wrapper_hw_platform_0.
00:54:27 INFO  : SDK has detected change in the last modified timestamps for source hardware specification file Source:1612688024857,  Project:1612685927996
00:54:27 INFO  : The hardware specification for project 'test_wrapper_hw_platform_0' is different from C:/Projects/FinalProject/TestDesigns/OrganNotes/OrganNotes.sdk/test_wrapper.hdf.
00:54:27 INFO  : Copied contents of C:/Projects/FinalProject/TestDesigns/OrganNotes/OrganNotes.sdk/test_wrapper.hdf into \test_wrapper_hw_platform_0\system.hdf.
00:54:32 INFO  : Synchronizing projects in the workspace with the hardware platform specification changes.
00:54:35 INFO  : 
00:54:36 INFO  : Updating hardware inferred compiler options for test1.
00:54:36 INFO  : Clearing existing target manager status.
00:55:56 INFO  : Connected to target on host '127.0.0.1' and port '3121'.
00:55:59 INFO  : 'targets -set -filter {jtag_cable_name =~ "Digilent Zybo Z7 210351AD6B73A" && level==0} -index 1' command is executed.
00:56:01 INFO  : FPGA configured successfully with bitstream "C:/Projects/FinalProject/TestDesigns/OrganNotes/OrganNotes.sdk/test_wrapper_hw_platform_0/test_wrapper.bit"
00:59:29 INFO  : 'targets -set -filter {jtag_cable_name =~ "Digilent Zybo Z7 210351AD6B73A" && level==0} -index 1' command is executed.
00:59:29 INFO  : 'fpga -state' command is executed.
00:59:29 INFO  : Connected to target on host '127.0.0.1' and port '3121'.
00:59:30 INFO  : Jtag cable 'Digilent Zybo Z7 210351AD6B73A' is selected.
00:59:30 INFO  : 'jtag frequency' command is executed.
00:59:30 INFO  : Sourcing of 'C:/Projects/FinalProject/TestDesigns/OrganNotes/OrganNotes.sdk/test_wrapper_hw_platform_0/ps7_init.tcl' is done.
00:59:30 INFO  : Context for 'APU' is selected.
00:59:30 INFO  : Hardware design information is loaded from 'C:/Projects/FinalProject/TestDesigns/OrganNotes/OrganNotes.sdk/test_wrapper_hw_platform_0/system.hdf'.
00:59:30 INFO  : 'configparams force-mem-access 1' command is executed.
00:59:30 INFO  : Context for 'APU' is selected.
00:59:30 INFO  : 'stop' command is executed.
00:59:30 INFO  : 'ps7_init' command is executed.
00:59:30 INFO  : 'ps7_post_config' command is executed.
00:59:30 INFO  : Context for processor 'ps7_cortexa9_0' is selected.
00:59:30 INFO  : Processor reset is completed for 'ps7_cortexa9_0'.
00:59:30 INFO  : Context for processor 'ps7_cortexa9_0' is selected.
00:59:31 INFO  : The application 'C:/Projects/FinalProject/TestDesigns/OrganNotes/OrganNotes.sdk/test1/Debug/test1.elf' is downloaded to processor 'ps7_cortexa9_0'.
00:59:31 INFO  : 'configparams force-mem-access 0' command is executed.
00:59:31 INFO  : ----------------XSDB Script----------------
connect -url tcp:127.0.0.1:3121
source C:/Projects/FinalProject/TestDesigns/OrganNotes/OrganNotes.sdk/test_wrapper_hw_platform_0/ps7_init.tcl
targets -set -nocase -filter {name =~"APU*" && jtag_cable_name =~ "Digilent Zybo Z7 210351AD6B73A"} -index 0
loadhw -hw C:/Projects/FinalProject/TestDesigns/OrganNotes/OrganNotes.sdk/test_wrapper_hw_platform_0/system.hdf -mem-ranges [list {0x40000000 0xbfffffff}]
configparams force-mem-access 1
targets -set -nocase -filter {name =~"APU*" && jtag_cable_name =~ "Digilent Zybo Z7 210351AD6B73A"} -index 0
stop
ps7_init
ps7_post_config
targets -set -nocase -filter {name =~ "ARM*#0" && jtag_cable_name =~ "Digilent Zybo Z7 210351AD6B73A"} -index 0
rst -processor
targets -set -nocase -filter {name =~ "ARM*#0" && jtag_cable_name =~ "Digilent Zybo Z7 210351AD6B73A"} -index 0
dow C:/Projects/FinalProject/TestDesigns/OrganNotes/OrganNotes.sdk/test1/Debug/test1.elf
configparams force-mem-access 0
----------------End of Script----------------

00:59:31 INFO  : Context for processor 'ps7_cortexa9_0' is selected.
00:59:31 INFO  : 'con' command is executed.
00:59:31 INFO  : ----------------XSDB Script (After Launch)----------------
targets -set -nocase -filter {name =~ "ARM*#0" && jtag_cable_name =~ "Digilent Zybo Z7 210351AD6B73A"} -index 0
con
----------------End of Script----------------

00:59:31 INFO  : Disconnected from the channel tcfchan#1.
00:59:36 INFO  : 'targets -set -filter {jtag_cable_name =~ "Digilent Zybo Z7 210351AD6B73A" && level==0} -index 1' command is executed.
00:59:36 INFO  : 'fpga -state' command is executed.
00:59:36 INFO  : Connected to target on host '127.0.0.1' and port '3121'.
00:59:37 INFO  : Jtag cable 'Digilent Zybo Z7 210351AD6B73A' is selected.
00:59:37 INFO  : 'jtag frequency' command is executed.
00:59:37 INFO  : Sourcing of 'C:/Projects/FinalProject/TestDesigns/OrganNotes/OrganNotes.sdk/test_wrapper_hw_platform_0/ps7_init.tcl' is done.
00:59:37 INFO  : Context for 'APU' is selected.
00:59:40 INFO  : Hardware design information is loaded from 'C:/Projects/FinalProject/TestDesigns/OrganNotes/OrganNotes.sdk/test_wrapper_hw_platform_0/system.hdf'.
00:59:40 INFO  : 'configparams force-mem-access 1' command is executed.
00:59:40 INFO  : Context for 'APU' is selected.
00:59:40 INFO  : 'stop' command is executed.
00:59:40 INFO  : 'ps7_init' command is executed.
00:59:40 INFO  : 'ps7_post_config' command is executed.
00:59:40 INFO  : Context for processor 'ps7_cortexa9_0' is selected.
00:59:40 INFO  : Processor reset is completed for 'ps7_cortexa9_0'.
00:59:40 INFO  : Context for processor 'ps7_cortexa9_0' is selected.
00:59:40 INFO  : The application 'C:/Projects/FinalProject/TestDesigns/OrganNotes/OrganNotes.sdk/test1/Debug/test1.elf' is downloaded to processor 'ps7_cortexa9_0'.
00:59:40 INFO  : 'configparams force-mem-access 0' command is executed.
00:59:40 INFO  : ----------------XSDB Script----------------
connect -url tcp:127.0.0.1:3121
source C:/Projects/FinalProject/TestDesigns/OrganNotes/OrganNotes.sdk/test_wrapper_hw_platform_0/ps7_init.tcl
targets -set -nocase -filter {name =~"APU*" && jtag_cable_name =~ "Digilent Zybo Z7 210351AD6B73A"} -index 0
loadhw -hw C:/Projects/FinalProject/TestDesigns/OrganNotes/OrganNotes.sdk/test_wrapper_hw_platform_0/system.hdf -mem-ranges [list {0x40000000 0xbfffffff}]
configparams force-mem-access 1
targets -set -nocase -filter {name =~"APU*" && jtag_cable_name =~ "Digilent Zybo Z7 210351AD6B73A"} -index 0
stop
ps7_init
ps7_post_config
targets -set -nocase -filter {name =~ "ARM*#0" && jtag_cable_name =~ "Digilent Zybo Z7 210351AD6B73A"} -index 0
rst -processor
targets -set -nocase -filter {name =~ "ARM*#0" && jtag_cable_name =~ "Digilent Zybo Z7 210351AD6B73A"} -index 0
dow C:/Projects/FinalProject/TestDesigns/OrganNotes/OrganNotes.sdk/test1/Debug/test1.elf
configparams force-mem-access 0
----------------End of Script----------------

00:59:40 INFO  : Context for processor 'ps7_cortexa9_0' is selected.
00:59:40 INFO  : 'con' command is executed.
00:59:40 INFO  : ----------------XSDB Script (After Launch)----------------
targets -set -nocase -filter {name =~ "ARM*#0" && jtag_cable_name =~ "Digilent Zybo Z7 210351AD6B73A"} -index 0
con
----------------End of Script----------------

00:59:40 INFO  : Disconnected from the channel tcfchan#2.
01:30:28 INFO  : Registering command handlers for SDK TCF services
01:30:29 INFO  : Launching XSCT server: xsct.bat -interactive C:\Projects\FinalProject\TestDesigns\OrganNotes\OrganNotes.sdk\temp_xsdb_launch_script.tcl
01:30:33 INFO  : XSCT server has started successfully.
01:30:33 INFO  : Successfully done setting XSCT server connection channel  
01:30:34 INFO  : Successfully done setting SDK workspace  
01:30:34 INFO  : Processing command line option -hwspec C:/Projects/FinalProject/TestDesigns/OrganNotes/OrganNotes.sdk/test_wrapper.hdf.
01:30:34 INFO  : Checking for hwspec changes in the project test_wrapper_hw_platform_0.
01:30:40 INFO  : SDK has detected change in the last modified timestamps for source hardware specification file Source:1612689960268,  Project:1612688024857
01:30:40 INFO  : The hardware specification for project 'test_wrapper_hw_platform_0' is different from C:/Projects/FinalProject/TestDesigns/OrganNotes/OrganNotes.sdk/test_wrapper.hdf.
01:30:40 INFO  : Copied contents of C:/Projects/FinalProject/TestDesigns/OrganNotes/OrganNotes.sdk/test_wrapper.hdf into \test_wrapper_hw_platform_0\system.hdf.
01:30:44 INFO  : Synchronizing projects in the workspace with the hardware platform specification changes.
01:30:47 INFO  : 
01:30:48 INFO  : Updating hardware inferred compiler options for test1.
01:30:48 INFO  : Clearing existing target manager status.
01:31:51 INFO  : Connected to target on host '127.0.0.1' and port '3121'.
01:31:53 INFO  : 'targets -set -filter {jtag_cable_name =~ "Digilent Zybo Z7 210351AD6B73A" && level==0} -index 1' command is executed.
01:31:55 INFO  : FPGA configured successfully with bitstream "C:/Projects/FinalProject/TestDesigns/OrganNotes/OrganNotes.sdk/test_wrapper_hw_platform_0/test_wrapper.bit"
01:32:02 INFO  : 'targets -set -filter {jtag_cable_name =~ "Digilent Zybo Z7 210351AD6B73A" && level==0} -index 1' command is executed.
01:32:02 INFO  : 'fpga -state' command is executed.
01:32:02 INFO  : Connected to target on host '127.0.0.1' and port '3121'.
01:32:02 INFO  : Jtag cable 'Digilent Zybo Z7 210351AD6B73A' is selected.
01:32:02 INFO  : 'jtag frequency' command is executed.
01:32:02 INFO  : Sourcing of 'C:/Projects/FinalProject/TestDesigns/OrganNotes/OrganNotes.sdk/test_wrapper_hw_platform_0/ps7_init.tcl' is done.
01:32:02 INFO  : Context for 'APU' is selected.
01:32:02 INFO  : Hardware design information is loaded from 'C:/Projects/FinalProject/TestDesigns/OrganNotes/OrganNotes.sdk/test_wrapper_hw_platform_0/system.hdf'.
01:32:02 INFO  : 'configparams force-mem-access 1' command is executed.
01:32:02 INFO  : Context for 'APU' is selected.
01:32:03 INFO  : 'stop' command is executed.
01:32:03 INFO  : 'ps7_init' command is executed.
01:32:03 INFO  : 'ps7_post_config' command is executed.
01:32:03 INFO  : Context for processor 'ps7_cortexa9_0' is selected.
01:32:03 INFO  : Processor reset is completed for 'ps7_cortexa9_0'.
01:32:03 INFO  : Context for processor 'ps7_cortexa9_0' is selected.
01:32:03 INFO  : The application 'C:/Projects/FinalProject/TestDesigns/OrganNotes/OrganNotes.sdk/test1/Debug/test1.elf' is downloaded to processor 'ps7_cortexa9_0'.
01:32:03 INFO  : 'configparams force-mem-access 0' command is executed.
01:32:03 INFO  : ----------------XSDB Script----------------
connect -url tcp:127.0.0.1:3121
source C:/Projects/FinalProject/TestDesigns/OrganNotes/OrganNotes.sdk/test_wrapper_hw_platform_0/ps7_init.tcl
targets -set -nocase -filter {name =~"APU*" && jtag_cable_name =~ "Digilent Zybo Z7 210351AD6B73A"} -index 0
loadhw -hw C:/Projects/FinalProject/TestDesigns/OrganNotes/OrganNotes.sdk/test_wrapper_hw_platform_0/system.hdf -mem-ranges [list {0x40000000 0xbfffffff}]
configparams force-mem-access 1
targets -set -nocase -filter {name =~"APU*" && jtag_cable_name =~ "Digilent Zybo Z7 210351AD6B73A"} -index 0
stop
ps7_init
ps7_post_config
targets -set -nocase -filter {name =~ "ARM*#0" && jtag_cable_name =~ "Digilent Zybo Z7 210351AD6B73A"} -index 0
rst -processor
targets -set -nocase -filter {name =~ "ARM*#0" && jtag_cable_name =~ "Digilent Zybo Z7 210351AD6B73A"} -index 0
dow C:/Projects/FinalProject/TestDesigns/OrganNotes/OrganNotes.sdk/test1/Debug/test1.elf
configparams force-mem-access 0
----------------End of Script----------------

01:32:03 INFO  : Context for processor 'ps7_cortexa9_0' is selected.
01:32:03 INFO  : 'con' command is executed.
01:32:03 INFO  : ----------------XSDB Script (After Launch)----------------
targets -set -nocase -filter {name =~ "ARM*#0" && jtag_cable_name =~ "Digilent Zybo Z7 210351AD6B73A"} -index 0
con
----------------End of Script----------------

01:32:04 INFO  : Disconnected from the channel tcfchan#1.
01:32:33 INFO  : 'targets -set -filter {jtag_cable_name =~ "Digilent Zybo Z7 210351AD6B73A" && level==0} -index 1' command is executed.
01:32:33 INFO  : 'fpga -state' command is executed.
01:32:33 INFO  : Connected to target on host '127.0.0.1' and port '3121'.
01:32:33 INFO  : Jtag cable 'Digilent Zybo Z7 210351AD6B73A' is selected.
01:32:33 INFO  : 'jtag frequency' command is executed.
01:32:33 INFO  : Sourcing of 'C:/Projects/FinalProject/TestDesigns/OrganNotes/OrganNotes.sdk/test_wrapper_hw_platform_0/ps7_init.tcl' is done.
01:32:34 INFO  : Context for 'APU' is selected.
01:32:37 INFO  : Hardware design information is loaded from 'C:/Projects/FinalProject/TestDesigns/OrganNotes/OrganNotes.sdk/test_wrapper_hw_platform_0/system.hdf'.
01:32:37 INFO  : 'configparams force-mem-access 1' command is executed.
01:32:38 INFO  : Context for 'APU' is selected.
01:32:38 INFO  : 'stop' command is executed.
01:32:38 INFO  : 'ps7_init' command is executed.
01:32:38 INFO  : 'ps7_post_config' command is executed.
01:32:39 INFO  : Context for processor 'ps7_cortexa9_0' is selected.
01:32:39 INFO  : Processor reset is completed for 'ps7_cortexa9_0'.
01:32:39 INFO  : Context for processor 'ps7_cortexa9_0' is selected.
01:32:40 INFO  : The application 'C:/Projects/FinalProject/TestDesigns/OrganNotes/OrganNotes.sdk/test1/Debug/test1.elf' is downloaded to processor 'ps7_cortexa9_0'.
01:32:40 INFO  : 'configparams force-mem-access 0' command is executed.
01:32:40 INFO  : ----------------XSDB Script----------------
connect -url tcp:127.0.0.1:3121
source C:/Projects/FinalProject/TestDesigns/OrganNotes/OrganNotes.sdk/test_wrapper_hw_platform_0/ps7_init.tcl
targets -set -nocase -filter {name =~"APU*" && jtag_cable_name =~ "Digilent Zybo Z7 210351AD6B73A"} -index 0
loadhw -hw C:/Projects/FinalProject/TestDesigns/OrganNotes/OrganNotes.sdk/test_wrapper_hw_platform_0/system.hdf -mem-ranges [list {0x40000000 0xbfffffff}]
configparams force-mem-access 1
targets -set -nocase -filter {name =~"APU*" && jtag_cable_name =~ "Digilent Zybo Z7 210351AD6B73A"} -index 0
stop
ps7_init
ps7_post_config
targets -set -nocase -filter {name =~ "ARM*#0" && jtag_cable_name =~ "Digilent Zybo Z7 210351AD6B73A"} -index 0
rst -processor
targets -set -nocase -filter {name =~ "ARM*#0" && jtag_cable_name =~ "Digilent Zybo Z7 210351AD6B73A"} -index 0
dow C:/Projects/FinalProject/TestDesigns/OrganNotes/OrganNotes.sdk/test1/Debug/test1.elf
configparams force-mem-access 0
----------------End of Script----------------

01:32:40 INFO  : Context for processor 'ps7_cortexa9_0' is selected.
01:32:40 INFO  : 'con' command is executed.
01:32:40 INFO  : ----------------XSDB Script (After Launch)----------------
targets -set -nocase -filter {name =~ "ARM*#0" && jtag_cable_name =~ "Digilent Zybo Z7 210351AD6B73A"} -index 0
con
----------------End of Script----------------

01:32:40 INFO  : Disconnected from the channel tcfchan#2.
01:32:54 INFO  : Connected to target on host '127.0.0.1' and port '3121'.
01:32:56 INFO  : 'targets -set -filter {jtag_cable_name =~ "Digilent Zybo Z7 210351AD6B73A" && level==0} -index 1' command is executed.
01:32:58 INFO  : FPGA configured successfully with bitstream "C:/Projects/FinalProject/TestDesigns/OrganNotes/OrganNotes.sdk/test_wrapper_hw_platform_0/test_wrapper.bit"
01:33:06 INFO  : 'targets -set -filter {jtag_cable_name =~ "Digilent Zybo Z7 210351AD6B73A" && level==0} -index 1' command is executed.
01:33:06 INFO  : 'fpga -state' command is executed.
01:33:06 INFO  : Connected to target on host '127.0.0.1' and port '3121'.
01:33:06 INFO  : Jtag cable 'Digilent Zybo Z7 210351AD6B73A' is selected.
01:33:06 INFO  : 'jtag frequency' command is executed.
01:33:06 INFO  : Sourcing of 'C:/Projects/FinalProject/TestDesigns/OrganNotes/OrganNotes.sdk/test_wrapper_hw_platform_0/ps7_init.tcl' is done.
01:33:06 INFO  : Context for 'APU' is selected.
01:33:06 INFO  : Hardware design information is loaded from 'C:/Projects/FinalProject/TestDesigns/OrganNotes/OrganNotes.sdk/test_wrapper_hw_platform_0/system.hdf'.
01:33:06 INFO  : 'configparams force-mem-access 1' command is executed.
01:33:06 INFO  : Context for 'APU' is selected.
01:33:07 INFO  : 'stop' command is executed.
01:33:07 INFO  : 'ps7_init' command is executed.
01:33:07 INFO  : 'ps7_post_config' command is executed.
01:33:07 INFO  : Context for processor 'ps7_cortexa9_0' is selected.
01:33:07 INFO  : Processor reset is completed for 'ps7_cortexa9_0'.
01:33:07 INFO  : Context for processor 'ps7_cortexa9_0' is selected.
01:33:07 INFO  : The application 'C:/Projects/FinalProject/TestDesigns/OrganNotes/OrganNotes.sdk/test1/Debug/test1.elf' is downloaded to processor 'ps7_cortexa9_0'.
01:33:07 INFO  : 'configparams force-mem-access 0' command is executed.
01:33:07 INFO  : ----------------XSDB Script----------------
connect -url tcp:127.0.0.1:3121
source C:/Projects/FinalProject/TestDesigns/OrganNotes/OrganNotes.sdk/test_wrapper_hw_platform_0/ps7_init.tcl
targets -set -nocase -filter {name =~"APU*" && jtag_cable_name =~ "Digilent Zybo Z7 210351AD6B73A"} -index 0
loadhw -hw C:/Projects/FinalProject/TestDesigns/OrganNotes/OrganNotes.sdk/test_wrapper_hw_platform_0/system.hdf -mem-ranges [list {0x40000000 0xbfffffff}]
configparams force-mem-access 1
targets -set -nocase -filter {name =~"APU*" && jtag_cable_name =~ "Digilent Zybo Z7 210351AD6B73A"} -index 0
stop
ps7_init
ps7_post_config
targets -set -nocase -filter {name =~ "ARM*#0" && jtag_cable_name =~ "Digilent Zybo Z7 210351AD6B73A"} -index 0
rst -processor
targets -set -nocase -filter {name =~ "ARM*#0" && jtag_cable_name =~ "Digilent Zybo Z7 210351AD6B73A"} -index 0
dow C:/Projects/FinalProject/TestDesigns/OrganNotes/OrganNotes.sdk/test1/Debug/test1.elf
configparams force-mem-access 0
----------------End of Script----------------

01:33:07 INFO  : Context for processor 'ps7_cortexa9_0' is selected.
01:33:07 INFO  : 'con' command is executed.
01:33:07 INFO  : ----------------XSDB Script (After Launch)----------------
targets -set -nocase -filter {name =~ "ARM*#0" && jtag_cable_name =~ "Digilent Zybo Z7 210351AD6B73A"} -index 0
con
----------------End of Script----------------

01:33:07 INFO  : Disconnected from the channel tcfchan#3.
02:13:04 INFO  : Registering command handlers for SDK TCF services
02:13:05 INFO  : Launching XSCT server: xsct.bat -interactive C:\Projects\FinalProject\TestDesigns\OrganNotes\OrganNotes.sdk\temp_xsdb_launch_script.tcl
02:13:10 INFO  : XSCT server has started successfully.
02:13:10 INFO  : Successfully done setting XSCT server connection channel  
02:13:10 INFO  : Successfully done setting SDK workspace  
02:13:10 INFO  : Processing command line option -hwspec C:/Projects/FinalProject/TestDesigns/OrganNotes/OrganNotes.sdk/test_wrapper.hdf.
02:13:10 INFO  : Checking for hwspec changes in the project test_wrapper_hw_platform_0.
02:13:17 INFO  : SDK has detected change in the last modified timestamps for source hardware specification file Source:1612692109514,  Project:1612689960268
02:13:17 INFO  : The hardware specification for project 'test_wrapper_hw_platform_0' is different from C:/Projects/FinalProject/TestDesigns/OrganNotes/OrganNotes.sdk/test_wrapper.hdf.
02:13:17 INFO  : Copied contents of C:/Projects/FinalProject/TestDesigns/OrganNotes/OrganNotes.sdk/test_wrapper.hdf into \test_wrapper_hw_platform_0\system.hdf.
02:13:22 INFO  : Synchronizing projects in the workspace with the hardware platform specification changes.
02:13:25 INFO  : 
02:13:25 INFO  : Updating hardware inferred compiler options for test1.
02:13:25 INFO  : Clearing existing target manager status.
02:14:22 INFO  : Connected to target on host '127.0.0.1' and port '3121'.
02:14:24 INFO  : 'targets -set -filter {jtag_cable_name =~ "Digilent Zybo Z7 210351AD6B73A" && level==0} -index 1' command is executed.
02:14:26 INFO  : FPGA configured successfully with bitstream "C:/Projects/FinalProject/TestDesigns/OrganNotes/OrganNotes.sdk/test_wrapper_hw_platform_0/test_wrapper.bit"
02:15:15 INFO  : 'targets -set -filter {jtag_cable_name =~ "Digilent Zybo Z7 210351AD6B73A" && level==0} -index 1' command is executed.
02:15:15 INFO  : 'fpga -state' command is executed.
02:15:15 INFO  : Connected to target on host '127.0.0.1' and port '3121'.
02:15:16 INFO  : Jtag cable 'Digilent Zybo Z7 210351AD6B73A' is selected.
02:15:16 INFO  : 'jtag frequency' command is executed.
02:15:16 INFO  : Sourcing of 'C:/Projects/FinalProject/TestDesigns/OrganNotes/OrganNotes.sdk/test_wrapper_hw_platform_0/ps7_init.tcl' is done.
02:15:16 INFO  : Context for 'APU' is selected.
02:15:16 INFO  : Hardware design information is loaded from 'C:/Projects/FinalProject/TestDesigns/OrganNotes/OrganNotes.sdk/test_wrapper_hw_platform_0/system.hdf'.
02:15:16 INFO  : 'configparams force-mem-access 1' command is executed.
02:15:16 INFO  : Context for 'APU' is selected.
02:15:16 INFO  : 'stop' command is executed.
02:15:16 INFO  : 'ps7_init' command is executed.
02:15:16 INFO  : 'ps7_post_config' command is executed.
02:15:16 INFO  : Context for processor 'ps7_cortexa9_0' is selected.
02:15:17 INFO  : Processor reset is completed for 'ps7_cortexa9_0'.
02:15:17 INFO  : Context for processor 'ps7_cortexa9_0' is selected.
02:15:17 INFO  : The application 'C:/Projects/FinalProject/TestDesigns/OrganNotes/OrganNotes.sdk/test1/Debug/test1.elf' is downloaded to processor 'ps7_cortexa9_0'.
02:15:17 INFO  : 'configparams force-mem-access 0' command is executed.
02:15:17 INFO  : ----------------XSDB Script----------------
connect -url tcp:127.0.0.1:3121
source C:/Projects/FinalProject/TestDesigns/OrganNotes/OrganNotes.sdk/test_wrapper_hw_platform_0/ps7_init.tcl
targets -set -nocase -filter {name =~"APU*" && jtag_cable_name =~ "Digilent Zybo Z7 210351AD6B73A"} -index 0
loadhw -hw C:/Projects/FinalProject/TestDesigns/OrganNotes/OrganNotes.sdk/test_wrapper_hw_platform_0/system.hdf -mem-ranges [list {0x40000000 0xbfffffff}]
configparams force-mem-access 1
targets -set -nocase -filter {name =~"APU*" && jtag_cable_name =~ "Digilent Zybo Z7 210351AD6B73A"} -index 0
stop
ps7_init
ps7_post_config
targets -set -nocase -filter {name =~ "ARM*#0" && jtag_cable_name =~ "Digilent Zybo Z7 210351AD6B73A"} -index 0
rst -processor
targets -set -nocase -filter {name =~ "ARM*#0" && jtag_cable_name =~ "Digilent Zybo Z7 210351AD6B73A"} -index 0
dow C:/Projects/FinalProject/TestDesigns/OrganNotes/OrganNotes.sdk/test1/Debug/test1.elf
configparams force-mem-access 0
----------------End of Script----------------

02:15:17 INFO  : Context for processor 'ps7_cortexa9_0' is selected.
02:15:17 INFO  : 'con' command is executed.
02:15:17 INFO  : ----------------XSDB Script (After Launch)----------------
targets -set -nocase -filter {name =~ "ARM*#0" && jtag_cable_name =~ "Digilent Zybo Z7 210351AD6B73A"} -index 0
con
----------------End of Script----------------

02:15:17 INFO  : Disconnected from the channel tcfchan#1.
02:15:20 INFO  : 'targets -set -filter {jtag_cable_name =~ "Digilent Zybo Z7 210351AD6B73A" && level==0} -index 1' command is executed.
02:15:20 INFO  : 'fpga -state' command is executed.
02:15:20 INFO  : Connected to target on host '127.0.0.1' and port '3121'.
02:15:20 INFO  : Jtag cable 'Digilent Zybo Z7 210351AD6B73A' is selected.
02:15:20 INFO  : 'jtag frequency' command is executed.
02:15:20 INFO  : Sourcing of 'C:/Projects/FinalProject/TestDesigns/OrganNotes/OrganNotes.sdk/test_wrapper_hw_platform_0/ps7_init.tcl' is done.
02:15:20 INFO  : Context for 'APU' is selected.
02:15:22 INFO  : Hardware design information is loaded from 'C:/Projects/FinalProject/TestDesigns/OrganNotes/OrganNotes.sdk/test_wrapper_hw_platform_0/system.hdf'.
02:15:22 INFO  : 'configparams force-mem-access 1' command is executed.
02:15:22 INFO  : Context for 'APU' is selected.
02:15:22 INFO  : 'stop' command is executed.
02:15:23 INFO  : 'ps7_init' command is executed.
02:15:23 INFO  : 'ps7_post_config' command is executed.
02:15:23 INFO  : Context for processor 'ps7_cortexa9_0' is selected.
02:15:23 INFO  : Processor reset is completed for 'ps7_cortexa9_0'.
02:15:23 INFO  : Context for processor 'ps7_cortexa9_0' is selected.
02:15:23 INFO  : The application 'C:/Projects/FinalProject/TestDesigns/OrganNotes/OrganNotes.sdk/test1/Debug/test1.elf' is downloaded to processor 'ps7_cortexa9_0'.
02:15:23 INFO  : 'configparams force-mem-access 0' command is executed.
02:15:23 INFO  : ----------------XSDB Script----------------
connect -url tcp:127.0.0.1:3121
source C:/Projects/FinalProject/TestDesigns/OrganNotes/OrganNotes.sdk/test_wrapper_hw_platform_0/ps7_init.tcl
targets -set -nocase -filter {name =~"APU*" && jtag_cable_name =~ "Digilent Zybo Z7 210351AD6B73A"} -index 0
loadhw -hw C:/Projects/FinalProject/TestDesigns/OrganNotes/OrganNotes.sdk/test_wrapper_hw_platform_0/system.hdf -mem-ranges [list {0x40000000 0xbfffffff}]
configparams force-mem-access 1
targets -set -nocase -filter {name =~"APU*" && jtag_cable_name =~ "Digilent Zybo Z7 210351AD6B73A"} -index 0
stop
ps7_init
ps7_post_config
targets -set -nocase -filter {name =~ "ARM*#0" && jtag_cable_name =~ "Digilent Zybo Z7 210351AD6B73A"} -index 0
rst -processor
targets -set -nocase -filter {name =~ "ARM*#0" && jtag_cable_name =~ "Digilent Zybo Z7 210351AD6B73A"} -index 0
dow C:/Projects/FinalProject/TestDesigns/OrganNotes/OrganNotes.sdk/test1/Debug/test1.elf
configparams force-mem-access 0
----------------End of Script----------------

02:15:23 INFO  : Context for processor 'ps7_cortexa9_0' is selected.
02:15:23 INFO  : 'con' command is executed.
02:15:23 INFO  : ----------------XSDB Script (After Launch)----------------
targets -set -nocase -filter {name =~ "ARM*#0" && jtag_cable_name =~ "Digilent Zybo Z7 210351AD6B73A"} -index 0
con
----------------End of Script----------------

02:15:23 INFO  : Disconnected from the channel tcfchan#2.
02:59:29 INFO  : Launching XSCT server: xsct.bat -interactive C:\Projects\FinalProject\TestDesigns\OrganNotes\OrganNotes.sdk\temp_xsdb_launch_script.tcl
02:59:32 INFO  : XSCT server has started successfully.
02:59:32 INFO  : Successfully done setting XSCT server connection channel  
02:59:32 INFO  : Successfully done setting SDK workspace  
02:59:40 INFO  : Registering command handlers for SDK TCF services
02:59:40 INFO  : Processing command line option -hwspec C:/Projects/FinalProject/TestDesigns/OrganNotes/OrganNotes.sdk/test_wrapper.hdf.
02:59:41 INFO  : Checking for hwspec changes in the project test_wrapper_hw_platform_0.
02:59:41 INFO  : SDK has detected change in the last modified timestamps for source hardware specification file Source:1612695453780,  Project:1612692109514
02:59:41 INFO  : The hardware specification for project 'test_wrapper_hw_platform_0' is different from C:/Projects/FinalProject/TestDesigns/OrganNotes/OrganNotes.sdk/test_wrapper.hdf.
02:59:41 INFO  : Copied contents of C:/Projects/FinalProject/TestDesigns/OrganNotes/OrganNotes.sdk/test_wrapper.hdf into \test_wrapper_hw_platform_0\system.hdf.
02:59:46 INFO  : Synchronizing projects in the workspace with the hardware platform specification changes.
02:59:48 INFO  : 
02:59:50 INFO  : Updating hardware inferred compiler options for test1.
02:59:50 INFO  : Clearing existing target manager status.
02:59:50 INFO  : Closing and re-opening the MSS file of ther project test1_bsp
02:59:51 INFO  : Workspace synchronized with the new hardware specification file. Cleaning dependent projects...
02:59:53 WARN  : Linker script will not be updated automatically. Users need to update it manually.
03:01:23 INFO  : Connected to target on host '127.0.0.1' and port '3121'.
03:01:25 INFO  : 'targets -set -filter {jtag_cable_name =~ "Digilent Zybo Z7 210351AD6B73A" && level==0} -index 1' command is executed.
03:01:27 INFO  : FPGA configured successfully with bitstream "C:/Projects/FinalProject/TestDesigns/OrganNotes/OrganNotes.sdk/test_wrapper_hw_platform_0/test_wrapper.bit"
03:01:33 INFO  : 'targets -set -filter {jtag_cable_name =~ "Digilent Zybo Z7 210351AD6B73A" && level==0} -index 1' command is executed.
03:01:33 INFO  : 'fpga -state' command is executed.
03:01:33 INFO  : Connected to target on host '127.0.0.1' and port '3121'.
03:01:33 INFO  : Jtag cable 'Digilent Zybo Z7 210351AD6B73A' is selected.
03:01:33 INFO  : 'jtag frequency' command is executed.
03:01:33 INFO  : Sourcing of 'C:/Projects/FinalProject/TestDesigns/OrganNotes/OrganNotes.sdk/test_wrapper_hw_platform_0/ps7_init.tcl' is done.
03:01:33 INFO  : Context for 'APU' is selected.
03:01:34 INFO  : Hardware design information is loaded from 'C:/Projects/FinalProject/TestDesigns/OrganNotes/OrganNotes.sdk/test_wrapper_hw_platform_0/system.hdf'.
03:01:34 INFO  : 'configparams force-mem-access 1' command is executed.
03:01:34 INFO  : Context for 'APU' is selected.
03:01:34 INFO  : 'stop' command is executed.
03:01:34 INFO  : 'ps7_init' command is executed.
03:01:34 INFO  : 'ps7_post_config' command is executed.
03:01:34 INFO  : Context for processor 'ps7_cortexa9_0' is selected.
03:01:34 INFO  : Processor reset is completed for 'ps7_cortexa9_0'.
03:01:34 INFO  : Context for processor 'ps7_cortexa9_0' is selected.
03:01:34 INFO  : The application 'C:/Projects/FinalProject/TestDesigns/OrganNotes/OrganNotes.sdk/test1/Debug/test1.elf' is downloaded to processor 'ps7_cortexa9_0'.
03:01:34 INFO  : 'configparams force-mem-access 0' command is executed.
03:01:34 INFO  : ----------------XSDB Script----------------
connect -url tcp:127.0.0.1:3121
source C:/Projects/FinalProject/TestDesigns/OrganNotes/OrganNotes.sdk/test_wrapper_hw_platform_0/ps7_init.tcl
targets -set -nocase -filter {name =~"APU*" && jtag_cable_name =~ "Digilent Zybo Z7 210351AD6B73A"} -index 0
loadhw -hw C:/Projects/FinalProject/TestDesigns/OrganNotes/OrganNotes.sdk/test_wrapper_hw_platform_0/system.hdf -mem-ranges [list {0x40000000 0xbfffffff}]
configparams force-mem-access 1
targets -set -nocase -filter {name =~"APU*" && jtag_cable_name =~ "Digilent Zybo Z7 210351AD6B73A"} -index 0
stop
ps7_init
ps7_post_config
targets -set -nocase -filter {name =~ "ARM*#0" && jtag_cable_name =~ "Digilent Zybo Z7 210351AD6B73A"} -index 0
rst -processor
targets -set -nocase -filter {name =~ "ARM*#0" && jtag_cable_name =~ "Digilent Zybo Z7 210351AD6B73A"} -index 0
dow C:/Projects/FinalProject/TestDesigns/OrganNotes/OrganNotes.sdk/test1/Debug/test1.elf
configparams force-mem-access 0
----------------End of Script----------------

03:01:35 INFO  : Context for processor 'ps7_cortexa9_0' is selected.
03:01:35 INFO  : 'con' command is executed.
03:01:35 INFO  : ----------------XSDB Script (After Launch)----------------
targets -set -nocase -filter {name =~ "ARM*#0" && jtag_cable_name =~ "Digilent Zybo Z7 210351AD6B73A"} -index 0
con
----------------End of Script----------------

03:01:35 INFO  : Disconnected from the channel tcfchan#1.
03:01:45 INFO  : 'targets -set -filter {jtag_cable_name =~ "Digilent Zybo Z7 210351AD6B73A" && level==0} -index 1' command is executed.
03:01:45 INFO  : 'fpga -state' command is executed.
03:01:45 INFO  : Connected to target on host '127.0.0.1' and port '3121'.
03:01:45 INFO  : Jtag cable 'Digilent Zybo Z7 210351AD6B73A' is selected.
03:01:45 INFO  : 'jtag frequency' command is executed.
03:01:45 INFO  : Sourcing of 'C:/Projects/FinalProject/TestDesigns/OrganNotes/OrganNotes.sdk/test_wrapper_hw_platform_0/ps7_init.tcl' is done.
03:01:45 INFO  : Context for 'APU' is selected.
03:01:47 INFO  : Hardware design information is loaded from 'C:/Projects/FinalProject/TestDesigns/OrganNotes/OrganNotes.sdk/test_wrapper_hw_platform_0/system.hdf'.
03:01:47 INFO  : 'configparams force-mem-access 1' command is executed.
03:01:47 INFO  : Context for 'APU' is selected.
03:01:47 INFO  : 'stop' command is executed.
03:01:48 INFO  : 'ps7_init' command is executed.
03:01:48 INFO  : 'ps7_post_config' command is executed.
03:01:48 INFO  : Context for processor 'ps7_cortexa9_0' is selected.
03:01:48 INFO  : Processor reset is completed for 'ps7_cortexa9_0'.
03:01:48 INFO  : Context for processor 'ps7_cortexa9_0' is selected.
03:01:48 INFO  : The application 'C:/Projects/FinalProject/TestDesigns/OrganNotes/OrganNotes.sdk/test1/Debug/test1.elf' is downloaded to processor 'ps7_cortexa9_0'.
03:01:48 INFO  : 'configparams force-mem-access 0' command is executed.
03:01:48 INFO  : ----------------XSDB Script----------------
connect -url tcp:127.0.0.1:3121
source C:/Projects/FinalProject/TestDesigns/OrganNotes/OrganNotes.sdk/test_wrapper_hw_platform_0/ps7_init.tcl
targets -set -nocase -filter {name =~"APU*" && jtag_cable_name =~ "Digilent Zybo Z7 210351AD6B73A"} -index 0
loadhw -hw C:/Projects/FinalProject/TestDesigns/OrganNotes/OrganNotes.sdk/test_wrapper_hw_platform_0/system.hdf -mem-ranges [list {0x40000000 0xbfffffff}]
configparams force-mem-access 1
targets -set -nocase -filter {name =~"APU*" && jtag_cable_name =~ "Digilent Zybo Z7 210351AD6B73A"} -index 0
stop
ps7_init
ps7_post_config
targets -set -nocase -filter {name =~ "ARM*#0" && jtag_cable_name =~ "Digilent Zybo Z7 210351AD6B73A"} -index 0
rst -processor
targets -set -nocase -filter {name =~ "ARM*#0" && jtag_cable_name =~ "Digilent Zybo Z7 210351AD6B73A"} -index 0
dow C:/Projects/FinalProject/TestDesigns/OrganNotes/OrganNotes.sdk/test1/Debug/test1.elf
configparams force-mem-access 0
----------------End of Script----------------

03:01:48 INFO  : Context for processor 'ps7_cortexa9_0' is selected.
03:01:48 INFO  : 'con' command is executed.
03:01:48 INFO  : ----------------XSDB Script (After Launch)----------------
targets -set -nocase -filter {name =~ "ARM*#0" && jtag_cable_name =~ "Digilent Zybo Z7 210351AD6B73A"} -index 0
con
----------------End of Script----------------

03:01:48 INFO  : Disconnected from the channel tcfchan#2.
12:29:48 INFO  : Launching XSCT server: xsct.bat -interactive C:\Projects\FinalProject\TestDesigns\OrganNotes\OrganNotes.sdk\temp_xsdb_launch_script.tcl
12:29:51 INFO  : XSCT server has started successfully.
12:29:51 INFO  : Successfully done setting XSCT server connection channel  
12:29:52 INFO  : Successfully done setting SDK workspace  
12:29:59 INFO  : Registering command handlers for SDK TCF services
12:29:59 INFO  : Processing command line option -hwspec C:/Projects/FinalProject/TestDesigns/OrganNotes/OrganNotes.sdk/test_wrapper.hdf.
12:30:00 INFO  : Checking for hwspec changes in the project test_wrapper_hw_platform_0.
12:30:00 INFO  : SDK has detected change in the last modified timestamps for source hardware specification file Source:1612729626032,  Project:1612695453780
12:30:00 INFO  : The hardware specification for project 'test_wrapper_hw_platform_0' is different from C:/Projects/FinalProject/TestDesigns/OrganNotes/OrganNotes.sdk/test_wrapper.hdf.
12:30:00 INFO  : Copied contents of C:/Projects/FinalProject/TestDesigns/OrganNotes/OrganNotes.sdk/test_wrapper.hdf into \test_wrapper_hw_platform_0\system.hdf.
12:30:04 INFO  : Synchronizing projects in the workspace with the hardware platform specification changes.
12:30:06 INFO  : 
12:30:07 INFO  : Updating hardware inferred compiler options for test1.
12:30:07 INFO  : Clearing existing target manager status.
12:30:07 INFO  : Closing and re-opening the MSS file of ther project test1_bsp
12:30:09 INFO  : Workspace synchronized with the new hardware specification file. Cleaning dependent projects...
12:30:11 WARN  : Linker script will not be updated automatically. Users need to update it manually.
12:31:25 INFO  : Connected to target on host '127.0.0.1' and port '3121'.
12:31:27 INFO  : 'targets -set -filter {jtag_cable_name =~ "Digilent Zybo Z7 210351AD6B73A" && level==0} -index 1' command is executed.
12:31:30 INFO  : FPGA configured successfully with bitstream "C:/Projects/FinalProject/TestDesigns/OrganNotes/OrganNotes.sdk/test_wrapper_hw_platform_0/test_wrapper.bit"
12:31:49 INFO  : 'targets -set -filter {jtag_cable_name =~ "Digilent Zybo Z7 210351AD6B73A" && level==0} -index 1' command is executed.
12:31:49 INFO  : 'fpga -state' command is executed.
12:31:49 INFO  : Connected to target on host '127.0.0.1' and port '3121'.
12:31:50 INFO  : Jtag cable 'Digilent Zybo Z7 210351AD6B73A' is selected.
12:31:50 INFO  : 'jtag frequency' command is executed.
12:31:50 INFO  : Sourcing of 'C:/Projects/FinalProject/TestDesigns/OrganNotes/OrganNotes.sdk/test_wrapper_hw_platform_0/ps7_init.tcl' is done.
12:31:50 INFO  : Context for 'APU' is selected.
12:31:50 INFO  : Hardware design information is loaded from 'C:/Projects/FinalProject/TestDesigns/OrganNotes/OrganNotes.sdk/test_wrapper_hw_platform_0/system.hdf'.
12:31:50 INFO  : 'configparams force-mem-access 1' command is executed.
12:31:50 INFO  : Context for 'APU' is selected.
12:31:50 INFO  : 'stop' command is executed.
12:31:50 INFO  : 'ps7_init' command is executed.
12:31:50 INFO  : 'ps7_post_config' command is executed.
12:31:50 INFO  : Context for processor 'ps7_cortexa9_0' is selected.
12:31:50 INFO  : Processor reset is completed for 'ps7_cortexa9_0'.
12:31:51 INFO  : Context for processor 'ps7_cortexa9_0' is selected.
12:31:51 INFO  : The application 'C:/Projects/FinalProject/TestDesigns/OrganNotes/OrganNotes.sdk/test1/Debug/test1.elf' is downloaded to processor 'ps7_cortexa9_0'.
12:31:51 INFO  : 'configparams force-mem-access 0' command is executed.
12:31:51 INFO  : ----------------XSDB Script----------------
connect -url tcp:127.0.0.1:3121
source C:/Projects/FinalProject/TestDesigns/OrganNotes/OrganNotes.sdk/test_wrapper_hw_platform_0/ps7_init.tcl
targets -set -nocase -filter {name =~"APU*" && jtag_cable_name =~ "Digilent Zybo Z7 210351AD6B73A"} -index 0
loadhw -hw C:/Projects/FinalProject/TestDesigns/OrganNotes/OrganNotes.sdk/test_wrapper_hw_platform_0/system.hdf -mem-ranges [list {0x40000000 0xbfffffff}]
configparams force-mem-access 1
targets -set -nocase -filter {name =~"APU*" && jtag_cable_name =~ "Digilent Zybo Z7 210351AD6B73A"} -index 0
stop
ps7_init
ps7_post_config
targets -set -nocase -filter {name =~ "ARM*#0" && jtag_cable_name =~ "Digilent Zybo Z7 210351AD6B73A"} -index 0
rst -processor
targets -set -nocase -filter {name =~ "ARM*#0" && jtag_cable_name =~ "Digilent Zybo Z7 210351AD6B73A"} -index 0
dow C:/Projects/FinalProject/TestDesigns/OrganNotes/OrganNotes.sdk/test1/Debug/test1.elf
configparams force-mem-access 0
----------------End of Script----------------

12:31:51 INFO  : Context for processor 'ps7_cortexa9_0' is selected.
12:31:51 INFO  : 'con' command is executed.
12:31:51 INFO  : ----------------XSDB Script (After Launch)----------------
targets -set -nocase -filter {name =~ "ARM*#0" && jtag_cable_name =~ "Digilent Zybo Z7 210351AD6B73A"} -index 0
con
----------------End of Script----------------

12:31:51 INFO  : Disconnected from the channel tcfchan#1.
12:31:55 INFO  : 'targets -set -filter {jtag_cable_name =~ "Digilent Zybo Z7 210351AD6B73A" && level==0} -index 1' command is executed.
12:31:55 INFO  : 'fpga -state' command is executed.
12:31:55 INFO  : Connected to target on host '127.0.0.1' and port '3121'.
12:31:55 INFO  : Jtag cable 'Digilent Zybo Z7 210351AD6B73A' is selected.
12:31:55 INFO  : 'jtag frequency' command is executed.
12:31:55 INFO  : Sourcing of 'C:/Projects/FinalProject/TestDesigns/OrganNotes/OrganNotes.sdk/test_wrapper_hw_platform_0/ps7_init.tcl' is done.
12:31:55 INFO  : Context for 'APU' is selected.
12:31:57 INFO  : Hardware design information is loaded from 'C:/Projects/FinalProject/TestDesigns/OrganNotes/OrganNotes.sdk/test_wrapper_hw_platform_0/system.hdf'.
12:31:57 INFO  : 'configparams force-mem-access 1' command is executed.
12:31:57 INFO  : Context for 'APU' is selected.
12:31:57 INFO  : 'stop' command is executed.
12:31:58 INFO  : 'ps7_init' command is executed.
12:31:58 INFO  : 'ps7_post_config' command is executed.
12:31:58 INFO  : Context for processor 'ps7_cortexa9_0' is selected.
12:31:58 INFO  : Processor reset is completed for 'ps7_cortexa9_0'.
12:31:58 INFO  : Context for processor 'ps7_cortexa9_0' is selected.
12:31:58 INFO  : The application 'C:/Projects/FinalProject/TestDesigns/OrganNotes/OrganNotes.sdk/test1/Debug/test1.elf' is downloaded to processor 'ps7_cortexa9_0'.
12:31:58 INFO  : 'configparams force-mem-access 0' command is executed.
12:31:58 INFO  : ----------------XSDB Script----------------
connect -url tcp:127.0.0.1:3121
source C:/Projects/FinalProject/TestDesigns/OrganNotes/OrganNotes.sdk/test_wrapper_hw_platform_0/ps7_init.tcl
targets -set -nocase -filter {name =~"APU*" && jtag_cable_name =~ "Digilent Zybo Z7 210351AD6B73A"} -index 0
loadhw -hw C:/Projects/FinalProject/TestDesigns/OrganNotes/OrganNotes.sdk/test_wrapper_hw_platform_0/system.hdf -mem-ranges [list {0x40000000 0xbfffffff}]
configparams force-mem-access 1
targets -set -nocase -filter {name =~"APU*" && jtag_cable_name =~ "Digilent Zybo Z7 210351AD6B73A"} -index 0
stop
ps7_init
ps7_post_config
targets -set -nocase -filter {name =~ "ARM*#0" && jtag_cable_name =~ "Digilent Zybo Z7 210351AD6B73A"} -index 0
rst -processor
targets -set -nocase -filter {name =~ "ARM*#0" && jtag_cable_name =~ "Digilent Zybo Z7 210351AD6B73A"} -index 0
dow C:/Projects/FinalProject/TestDesigns/OrganNotes/OrganNotes.sdk/test1/Debug/test1.elf
configparams force-mem-access 0
----------------End of Script----------------

12:31:58 INFO  : Context for processor 'ps7_cortexa9_0' is selected.
12:31:58 INFO  : 'con' command is executed.
12:31:58 INFO  : ----------------XSDB Script (After Launch)----------------
targets -set -nocase -filter {name =~ "ARM*#0" && jtag_cable_name =~ "Digilent Zybo Z7 210351AD6B73A"} -index 0
con
----------------End of Script----------------

12:31:58 INFO  : Disconnected from the channel tcfchan#2.
12:49:01 INFO  : Launching XSCT server: xsct.bat -interactive C:\Projects\FinalProject\TestDesigns\OrganNotes\OrganNotes.sdk\temp_xsdb_launch_script.tcl
12:49:04 INFO  : XSCT server has started successfully.
12:49:04 INFO  : Successfully done setting XSCT server connection channel  
12:49:05 INFO  : Successfully done setting SDK workspace  
12:49:12 INFO  : Registering command handlers for SDK TCF services
12:49:12 INFO  : Processing command line option -hwspec C:/Projects/FinalProject/TestDesigns/OrganNotes/OrganNotes.sdk/test_wrapper.hdf.
12:49:13 INFO  : Checking for hwspec changes in the project test_wrapper_hw_platform_0.
12:49:13 INFO  : SDK has detected change in the last modified timestamps for source hardware specification file Source:1612730901540,  Project:1612729626032
12:49:13 INFO  : The hardware specification for project 'test_wrapper_hw_platform_0' is different from C:/Projects/FinalProject/TestDesigns/OrganNotes/OrganNotes.sdk/test_wrapper.hdf.
12:49:13 INFO  : Copied contents of C:/Projects/FinalProject/TestDesigns/OrganNotes/OrganNotes.sdk/test_wrapper.hdf into \test_wrapper_hw_platform_0\system.hdf.
12:49:17 INFO  : Synchronizing projects in the workspace with the hardware platform specification changes.
12:49:19 INFO  : 
12:49:20 INFO  : Updating hardware inferred compiler options for test1.
12:49:20 INFO  : Clearing existing target manager status.
12:49:20 INFO  : Closing and re-opening the MSS file of ther project test1_bsp
12:49:22 INFO  : Workspace synchronized with the new hardware specification file. Cleaning dependent projects...
12:49:24 WARN  : Linker script will not be updated automatically. Users need to update it manually.
12:50:40 INFO  : Connected to target on host '127.0.0.1' and port '3121'.
12:50:42 INFO  : 'targets -set -filter {jtag_cable_name =~ "Digilent Zybo Z7 210351AD6B73A" && level==0} -index 1' command is executed.
12:50:45 INFO  : FPGA configured successfully with bitstream "C:/Projects/FinalProject/TestDesigns/OrganNotes/OrganNotes.sdk/test_wrapper_hw_platform_0/test_wrapper.bit"
12:50:52 INFO  : 'targets -set -filter {jtag_cable_name =~ "Digilent Zybo Z7 210351AD6B73A" && level==0} -index 1' command is executed.
12:50:52 INFO  : 'fpga -state' command is executed.
12:50:52 INFO  : Connected to target on host '127.0.0.1' and port '3121'.
12:50:52 INFO  : Jtag cable 'Digilent Zybo Z7 210351AD6B73A' is selected.
12:50:52 INFO  : 'jtag frequency' command is executed.
12:50:52 INFO  : Sourcing of 'C:/Projects/FinalProject/TestDesigns/OrganNotes/OrganNotes.sdk/test_wrapper_hw_platform_0/ps7_init.tcl' is done.
12:50:52 INFO  : Context for 'APU' is selected.
12:50:52 INFO  : Hardware design information is loaded from 'C:/Projects/FinalProject/TestDesigns/OrganNotes/OrganNotes.sdk/test_wrapper_hw_platform_0/system.hdf'.
12:50:52 INFO  : 'configparams force-mem-access 1' command is executed.
12:50:52 INFO  : Context for 'APU' is selected.
12:50:52 INFO  : 'stop' command is executed.
12:50:53 INFO  : 'ps7_init' command is executed.
12:50:53 INFO  : 'ps7_post_config' command is executed.
12:50:53 INFO  : Context for processor 'ps7_cortexa9_0' is selected.
12:50:53 INFO  : Processor reset is completed for 'ps7_cortexa9_0'.
12:50:53 INFO  : Context for processor 'ps7_cortexa9_0' is selected.
12:50:53 INFO  : The application 'C:/Projects/FinalProject/TestDesigns/OrganNotes/OrganNotes.sdk/test1/Debug/test1.elf' is downloaded to processor 'ps7_cortexa9_0'.
12:50:53 INFO  : 'configparams force-mem-access 0' command is executed.
12:50:53 INFO  : ----------------XSDB Script----------------
connect -url tcp:127.0.0.1:3121
source C:/Projects/FinalProject/TestDesigns/OrganNotes/OrganNotes.sdk/test_wrapper_hw_platform_0/ps7_init.tcl
targets -set -nocase -filter {name =~"APU*" && jtag_cable_name =~ "Digilent Zybo Z7 210351AD6B73A"} -index 0
loadhw -hw C:/Projects/FinalProject/TestDesigns/OrganNotes/OrganNotes.sdk/test_wrapper_hw_platform_0/system.hdf -mem-ranges [list {0x40000000 0xbfffffff}]
configparams force-mem-access 1
targets -set -nocase -filter {name =~"APU*" && jtag_cable_name =~ "Digilent Zybo Z7 210351AD6B73A"} -index 0
stop
ps7_init
ps7_post_config
targets -set -nocase -filter {name =~ "ARM*#0" && jtag_cable_name =~ "Digilent Zybo Z7 210351AD6B73A"} -index 0
rst -processor
targets -set -nocase -filter {name =~ "ARM*#0" && jtag_cable_name =~ "Digilent Zybo Z7 210351AD6B73A"} -index 0
dow C:/Projects/FinalProject/TestDesigns/OrganNotes/OrganNotes.sdk/test1/Debug/test1.elf
configparams force-mem-access 0
----------------End of Script----------------

12:50:53 INFO  : Context for processor 'ps7_cortexa9_0' is selected.
12:50:53 INFO  : 'con' command is executed.
12:50:53 INFO  : ----------------XSDB Script (After Launch)----------------
targets -set -nocase -filter {name =~ "ARM*#0" && jtag_cable_name =~ "Digilent Zybo Z7 210351AD6B73A"} -index 0
con
----------------End of Script----------------

12:50:53 INFO  : Disconnected from the channel tcfchan#1.
13:10:30 INFO  : Launching XSCT server: xsct.bat -interactive C:\Projects\FinalProject\TestDesigns\OrganNotes\OrganNotes.sdk\temp_xsdb_launch_script.tcl
13:10:33 INFO  : XSCT server has started successfully.
13:10:33 INFO  : Successfully done setting XSCT server connection channel  
13:10:33 INFO  : Successfully done setting SDK workspace  
13:10:42 INFO  : Registering command handlers for SDK TCF services
13:10:42 INFO  : Processing command line option -hwspec C:/Projects/FinalProject/TestDesigns/OrganNotes/OrganNotes.sdk/test_wrapper.hdf.
13:10:43 INFO  : Checking for hwspec changes in the project test_wrapper_hw_platform_0.
13:10:43 INFO  : SDK has detected change in the last modified timestamps for source hardware specification file Source:1612732176778,  Project:1612730901540
13:10:43 INFO  : The hardware specification for project 'test_wrapper_hw_platform_0' is different from C:/Projects/FinalProject/TestDesigns/OrganNotes/OrganNotes.sdk/test_wrapper.hdf.
13:10:43 INFO  : Copied contents of C:/Projects/FinalProject/TestDesigns/OrganNotes/OrganNotes.sdk/test_wrapper.hdf into \test_wrapper_hw_platform_0\system.hdf.
13:10:47 INFO  : Synchronizing projects in the workspace with the hardware platform specification changes.
13:10:50 INFO  : 
13:10:51 INFO  : Updating hardware inferred compiler options for test1.
13:10:51 INFO  : Clearing existing target manager status.
13:10:51 INFO  : Closing and re-opening the MSS file of ther project test1_bsp
13:10:53 INFO  : Workspace synchronized with the new hardware specification file. Cleaning dependent projects...
13:10:55 WARN  : Linker script will not be updated automatically. Users need to update it manually.
13:15:12 INFO  : Connected to target on host '127.0.0.1' and port '3121'.
13:15:14 INFO  : 'targets -set -filter {jtag_cable_name =~ "Digilent Zybo Z7 210351AD6B73A" && level==0} -index 1' command is executed.
13:15:17 INFO  : FPGA configured successfully with bitstream "C:/Projects/FinalProject/TestDesigns/OrganNotes/OrganNotes.sdk/test_wrapper_hw_platform_0/test_wrapper.bit"
13:15:20 INFO  : 'targets -set -filter {jtag_cable_name =~ "Digilent Zybo Z7 210351AD6B73A" && level==0} -index 1' command is executed.
13:15:20 INFO  : 'fpga -state' command is executed.
13:15:20 INFO  : Connected to target on host '127.0.0.1' and port '3121'.
13:15:21 INFO  : Jtag cable 'Digilent Zybo Z7 210351AD6B73A' is selected.
13:15:21 INFO  : 'jtag frequency' command is executed.
13:15:21 INFO  : Sourcing of 'C:/Projects/FinalProject/TestDesigns/OrganNotes/OrganNotes.sdk/test_wrapper_hw_platform_0/ps7_init.tcl' is done.
13:15:21 INFO  : Context for 'APU' is selected.
13:15:21 INFO  : Hardware design information is loaded from 'C:/Projects/FinalProject/TestDesigns/OrganNotes/OrganNotes.sdk/test_wrapper_hw_platform_0/system.hdf'.
13:15:21 INFO  : 'configparams force-mem-access 1' command is executed.
13:15:21 INFO  : Context for 'APU' is selected.
13:15:22 INFO  : 'stop' command is executed.
13:15:22 INFO  : 'ps7_init' command is executed.
13:15:22 INFO  : 'ps7_post_config' command is executed.
13:15:23 INFO  : Context for processor 'ps7_cortexa9_0' is selected.
13:15:23 INFO  : Processor reset is completed for 'ps7_cortexa9_0'.
13:15:23 INFO  : Context for processor 'ps7_cortexa9_0' is selected.
13:15:23 INFO  : The application 'C:/Projects/FinalProject/TestDesigns/OrganNotes/OrganNotes.sdk/test1/Debug/test1.elf' is downloaded to processor 'ps7_cortexa9_0'.
13:15:23 INFO  : 'configparams force-mem-access 0' command is executed.
13:15:23 INFO  : ----------------XSDB Script----------------
connect -url tcp:127.0.0.1:3121
source C:/Projects/FinalProject/TestDesigns/OrganNotes/OrganNotes.sdk/test_wrapper_hw_platform_0/ps7_init.tcl
targets -set -nocase -filter {name =~"APU*" && jtag_cable_name =~ "Digilent Zybo Z7 210351AD6B73A"} -index 0
loadhw -hw C:/Projects/FinalProject/TestDesigns/OrganNotes/OrganNotes.sdk/test_wrapper_hw_platform_0/system.hdf -mem-ranges [list {0x40000000 0xbfffffff}]
configparams force-mem-access 1
targets -set -nocase -filter {name =~"APU*" && jtag_cable_name =~ "Digilent Zybo Z7 210351AD6B73A"} -index 0
stop
ps7_init
ps7_post_config
targets -set -nocase -filter {name =~ "ARM*#0" && jtag_cable_name =~ "Digilent Zybo Z7 210351AD6B73A"} -index 0
rst -processor
targets -set -nocase -filter {name =~ "ARM*#0" && jtag_cable_name =~ "Digilent Zybo Z7 210351AD6B73A"} -index 0
dow C:/Projects/FinalProject/TestDesigns/OrganNotes/OrganNotes.sdk/test1/Debug/test1.elf
configparams force-mem-access 0
----------------End of Script----------------

13:15:23 INFO  : Context for processor 'ps7_cortexa9_0' is selected.
13:15:23 INFO  : 'con' command is executed.
13:15:23 INFO  : ----------------XSDB Script (After Launch)----------------
targets -set -nocase -filter {name =~ "ARM*#0" && jtag_cable_name =~ "Digilent Zybo Z7 210351AD6B73A"} -index 0
con
----------------End of Script----------------

13:15:23 INFO  : Disconnected from the channel tcfchan#1.
14:22:24 INFO  : Launching XSCT server: xsct.bat -interactive C:\Projects\FinalProject\TestDesigns\OrganNotes\OrganNotes.sdk\temp_xsdb_launch_script.tcl
14:22:27 INFO  : XSCT server has started successfully.
14:22:27 INFO  : Successfully done setting XSCT server connection channel  
14:22:28 INFO  : Successfully done setting SDK workspace  
14:22:35 INFO  : Registering command handlers for SDK TCF services
14:22:35 INFO  : Processing command line option -hwspec C:/Projects/FinalProject/TestDesigns/OrganNotes/OrganNotes.sdk/test_wrapper.hdf.
14:22:35 INFO  : Checking for hwspec changes in the project test_wrapper_hw_platform_0.
14:22:35 INFO  : SDK has detected change in the last modified timestamps for source hardware specification file Source:1612733429769,  Project:1612732176778
14:22:35 INFO  : The hardware specification for project 'test_wrapper_hw_platform_0' is different from C:/Projects/FinalProject/TestDesigns/OrganNotes/OrganNotes.sdk/test_wrapper.hdf.
14:22:35 INFO  : Copied contents of C:/Projects/FinalProject/TestDesigns/OrganNotes/OrganNotes.sdk/test_wrapper.hdf into \test_wrapper_hw_platform_0\system.hdf.
14:22:39 INFO  : Synchronizing projects in the workspace with the hardware platform specification changes.
14:22:41 INFO  : 
14:22:43 INFO  : Updating hardware inferred compiler options for test1.
14:22:43 INFO  : Clearing existing target manager status.
14:22:43 INFO  : Closing and re-opening the MSS file of ther project test1_bsp
14:22:44 INFO  : Workspace synchronized with the new hardware specification file. Cleaning dependent projects...
14:22:46 WARN  : Linker script will not be updated automatically. Users need to update it manually.
14:25:38 INFO  : Connected to target on host '127.0.0.1' and port '3121'.
14:25:40 INFO  : 'targets -set -filter {jtag_cable_name =~ "Digilent Zybo Z7 210351AD6B73A" && level==0} -index 1' command is executed.
14:25:43 INFO  : FPGA configured successfully with bitstream "C:/Projects/FinalProject/TestDesigns/OrganNotes/OrganNotes.sdk/test_wrapper_hw_platform_0/test_wrapper.bit"
14:26:05 INFO  : 'targets -set -filter {jtag_cable_name =~ "Digilent Zybo Z7 210351AD6B73A" && level==0} -index 1' command is executed.
14:26:05 INFO  : 'fpga -state' command is executed.
14:26:05 INFO  : Connected to target on host '127.0.0.1' and port '3121'.
14:26:06 INFO  : Jtag cable 'Digilent Zybo Z7 210351AD6B73A' is selected.
14:26:06 INFO  : 'jtag frequency' command is executed.
14:26:06 INFO  : Sourcing of 'C:/Projects/FinalProject/TestDesigns/OrganNotes/OrganNotes.sdk/test_wrapper_hw_platform_0/ps7_init.tcl' is done.
14:26:06 INFO  : Context for 'APU' is selected.
14:26:06 INFO  : Hardware design information is loaded from 'C:/Projects/FinalProject/TestDesigns/OrganNotes/OrganNotes.sdk/test_wrapper_hw_platform_0/system.hdf'.
14:26:06 INFO  : 'configparams force-mem-access 1' command is executed.
14:26:06 INFO  : Context for 'APU' is selected.
14:26:06 INFO  : 'stop' command is executed.
14:26:06 INFO  : 'ps7_init' command is executed.
14:26:06 INFO  : 'ps7_post_config' command is executed.
14:26:06 INFO  : Context for processor 'ps7_cortexa9_0' is selected.
14:26:06 INFO  : Processor reset is completed for 'ps7_cortexa9_0'.
14:26:06 INFO  : Context for processor 'ps7_cortexa9_0' is selected.
14:26:07 INFO  : The application 'C:/Projects/FinalProject/TestDesigns/OrganNotes/OrganNotes.sdk/test1/Debug/test1.elf' is downloaded to processor 'ps7_cortexa9_0'.
14:26:07 INFO  : 'configparams force-mem-access 0' command is executed.
14:26:07 INFO  : ----------------XSDB Script----------------
connect -url tcp:127.0.0.1:3121
source C:/Projects/FinalProject/TestDesigns/OrganNotes/OrganNotes.sdk/test_wrapper_hw_platform_0/ps7_init.tcl
targets -set -nocase -filter {name =~"APU*" && jtag_cable_name =~ "Digilent Zybo Z7 210351AD6B73A"} -index 0
loadhw -hw C:/Projects/FinalProject/TestDesigns/OrganNotes/OrganNotes.sdk/test_wrapper_hw_platform_0/system.hdf -mem-ranges [list {0x40000000 0xbfffffff}]
configparams force-mem-access 1
targets -set -nocase -filter {name =~"APU*" && jtag_cable_name =~ "Digilent Zybo Z7 210351AD6B73A"} -index 0
stop
ps7_init
ps7_post_config
targets -set -nocase -filter {name =~ "ARM*#0" && jtag_cable_name =~ "Digilent Zybo Z7 210351AD6B73A"} -index 0
rst -processor
targets -set -nocase -filter {name =~ "ARM*#0" && jtag_cable_name =~ "Digilent Zybo Z7 210351AD6B73A"} -index 0
dow C:/Projects/FinalProject/TestDesigns/OrganNotes/OrganNotes.sdk/test1/Debug/test1.elf
configparams force-mem-access 0
----------------End of Script----------------

14:26:07 INFO  : Context for processor 'ps7_cortexa9_0' is selected.
14:26:07 INFO  : 'con' command is executed.
14:26:07 INFO  : ----------------XSDB Script (After Launch)----------------
targets -set -nocase -filter {name =~ "ARM*#0" && jtag_cable_name =~ "Digilent Zybo Z7 210351AD6B73A"} -index 0
con
----------------End of Script----------------

14:26:07 INFO  : Disconnected from the channel tcfchan#1.
14:26:11 INFO  : 'targets -set -filter {jtag_cable_name =~ "Digilent Zybo Z7 210351AD6B73A" && level==0} -index 1' command is executed.
14:26:11 INFO  : 'fpga -state' command is executed.
14:26:11 INFO  : Connected to target on host '127.0.0.1' and port '3121'.
14:26:11 INFO  : Jtag cable 'Digilent Zybo Z7 210351AD6B73A' is selected.
14:26:11 INFO  : 'jtag frequency' command is executed.
14:26:11 INFO  : Sourcing of 'C:/Projects/FinalProject/TestDesigns/OrganNotes/OrganNotes.sdk/test_wrapper_hw_platform_0/ps7_init.tcl' is done.
14:26:11 INFO  : Context for 'APU' is selected.
14:26:13 INFO  : Hardware design information is loaded from 'C:/Projects/FinalProject/TestDesigns/OrganNotes/OrganNotes.sdk/test_wrapper_hw_platform_0/system.hdf'.
14:26:13 INFO  : 'configparams force-mem-access 1' command is executed.
14:26:13 INFO  : Context for 'APU' is selected.
14:26:13 INFO  : 'stop' command is executed.
14:26:14 INFO  : 'ps7_init' command is executed.
14:26:14 INFO  : 'ps7_post_config' command is executed.
14:26:14 INFO  : Context for processor 'ps7_cortexa9_0' is selected.
14:26:14 INFO  : Processor reset is completed for 'ps7_cortexa9_0'.
14:26:14 INFO  : Context for processor 'ps7_cortexa9_0' is selected.
14:26:14 INFO  : The application 'C:/Projects/FinalProject/TestDesigns/OrganNotes/OrganNotes.sdk/test1/Debug/test1.elf' is downloaded to processor 'ps7_cortexa9_0'.
14:26:14 INFO  : 'configparams force-mem-access 0' command is executed.
14:26:14 INFO  : ----------------XSDB Script----------------
connect -url tcp:127.0.0.1:3121
source C:/Projects/FinalProject/TestDesigns/OrganNotes/OrganNotes.sdk/test_wrapper_hw_platform_0/ps7_init.tcl
targets -set -nocase -filter {name =~"APU*" && jtag_cable_name =~ "Digilent Zybo Z7 210351AD6B73A"} -index 0
loadhw -hw C:/Projects/FinalProject/TestDesigns/OrganNotes/OrganNotes.sdk/test_wrapper_hw_platform_0/system.hdf -mem-ranges [list {0x40000000 0xbfffffff}]
configparams force-mem-access 1
targets -set -nocase -filter {name =~"APU*" && jtag_cable_name =~ "Digilent Zybo Z7 210351AD6B73A"} -index 0
stop
ps7_init
ps7_post_config
targets -set -nocase -filter {name =~ "ARM*#0" && jtag_cable_name =~ "Digilent Zybo Z7 210351AD6B73A"} -index 0
rst -processor
targets -set -nocase -filter {name =~ "ARM*#0" && jtag_cable_name =~ "Digilent Zybo Z7 210351AD6B73A"} -index 0
dow C:/Projects/FinalProject/TestDesigns/OrganNotes/OrganNotes.sdk/test1/Debug/test1.elf
configparams force-mem-access 0
----------------End of Script----------------

14:26:14 INFO  : Context for processor 'ps7_cortexa9_0' is selected.
14:26:14 INFO  : 'con' command is executed.
14:26:14 INFO  : ----------------XSDB Script (After Launch)----------------
targets -set -nocase -filter {name =~ "ARM*#0" && jtag_cable_name =~ "Digilent Zybo Z7 210351AD6B73A"} -index 0
con
----------------End of Script----------------

14:26:14 INFO  : Disconnected from the channel tcfchan#2.
14:47:10 INFO  : Launching XSCT server: xsct.bat -interactive C:\Projects\FinalProject\TestDesigns\OrganNotes\OrganNotes.sdk\temp_xsdb_launch_script.tcl
14:47:13 INFO  : XSCT server has started successfully.
14:47:13 INFO  : Successfully done setting XSCT server connection channel  
14:47:13 INFO  : Successfully done setting SDK workspace  
14:47:20 INFO  : Registering command handlers for SDK TCF services
14:47:20 INFO  : Processing command line option -hwspec C:/Projects/FinalProject/TestDesigns/OrganNotes/OrganNotes.sdk/test_wrapper.hdf.
14:47:21 INFO  : Checking for hwspec changes in the project test_wrapper_hw_platform_0.
14:47:21 INFO  : SDK has detected change in the last modified timestamps for source hardware specification file Source:1612737613598,  Project:1612733429769
14:47:21 INFO  : The hardware specification for project 'test_wrapper_hw_platform_0' is different from C:/Projects/FinalProject/TestDesigns/OrganNotes/OrganNotes.sdk/test_wrapper.hdf.
14:47:21 INFO  : Copied contents of C:/Projects/FinalProject/TestDesigns/OrganNotes/OrganNotes.sdk/test_wrapper.hdf into \test_wrapper_hw_platform_0\system.hdf.
14:47:25 INFO  : Synchronizing projects in the workspace with the hardware platform specification changes.
14:47:27 INFO  : 
14:47:28 INFO  : Updating hardware inferred compiler options for test1.
14:47:28 INFO  : Clearing existing target manager status.
14:47:28 INFO  : Closing and re-opening the MSS file of ther project test1_bsp
14:47:30 INFO  : Workspace synchronized with the new hardware specification file. Cleaning dependent projects...
14:47:32 WARN  : Linker script will not be updated automatically. Users need to update it manually.
14:50:34 INFO  : Connected to target on host '127.0.0.1' and port '3121'.
14:50:36 INFO  : 'targets -set -filter {jtag_cable_name =~ "Digilent Zybo Z7 210351AD6B73A" && level==0} -index 1' command is executed.
14:50:39 INFO  : FPGA configured successfully with bitstream "C:/Projects/FinalProject/TestDesigns/OrganNotes/OrganNotes.sdk/test_wrapper_hw_platform_0/test_wrapper.bit"
14:50:43 INFO  : 'targets -set -filter {jtag_cable_name =~ "Digilent Zybo Z7 210351AD6B73A" && level==0} -index 1' command is executed.
14:50:43 INFO  : 'fpga -state' command is executed.
14:50:43 INFO  : Connected to target on host '127.0.0.1' and port '3121'.
14:50:44 INFO  : Jtag cable 'Digilent Zybo Z7 210351AD6B73A' is selected.
14:50:44 INFO  : 'jtag frequency' command is executed.
14:50:44 INFO  : Sourcing of 'C:/Projects/FinalProject/TestDesigns/OrganNotes/OrganNotes.sdk/test_wrapper_hw_platform_0/ps7_init.tcl' is done.
14:50:44 INFO  : Context for 'APU' is selected.
14:50:44 INFO  : Hardware design information is loaded from 'C:/Projects/FinalProject/TestDesigns/OrganNotes/OrganNotes.sdk/test_wrapper_hw_platform_0/system.hdf'.
14:50:44 INFO  : 'configparams force-mem-access 1' command is executed.
14:50:44 INFO  : Context for 'APU' is selected.
14:50:44 INFO  : 'stop' command is executed.
14:50:45 INFO  : 'ps7_init' command is executed.
14:50:45 INFO  : 'ps7_post_config' command is executed.
14:50:45 INFO  : Context for processor 'ps7_cortexa9_0' is selected.
14:50:45 INFO  : Processor reset is completed for 'ps7_cortexa9_0'.
14:50:45 INFO  : Context for processor 'ps7_cortexa9_0' is selected.
14:50:45 INFO  : The application 'C:/Projects/FinalProject/TestDesigns/OrganNotes/OrganNotes.sdk/test1/Debug/test1.elf' is downloaded to processor 'ps7_cortexa9_0'.
14:50:45 INFO  : 'configparams force-mem-access 0' command is executed.
14:50:45 INFO  : ----------------XSDB Script----------------
connect -url tcp:127.0.0.1:3121
source C:/Projects/FinalProject/TestDesigns/OrganNotes/OrganNotes.sdk/test_wrapper_hw_platform_0/ps7_init.tcl
targets -set -nocase -filter {name =~"APU*" && jtag_cable_name =~ "Digilent Zybo Z7 210351AD6B73A"} -index 0
loadhw -hw C:/Projects/FinalProject/TestDesigns/OrganNotes/OrganNotes.sdk/test_wrapper_hw_platform_0/system.hdf -mem-ranges [list {0x40000000 0xbfffffff}]
configparams force-mem-access 1
targets -set -nocase -filter {name =~"APU*" && jtag_cable_name =~ "Digilent Zybo Z7 210351AD6B73A"} -index 0
stop
ps7_init
ps7_post_config
targets -set -nocase -filter {name =~ "ARM*#0" && jtag_cable_name =~ "Digilent Zybo Z7 210351AD6B73A"} -index 0
rst -processor
targets -set -nocase -filter {name =~ "ARM*#0" && jtag_cable_name =~ "Digilent Zybo Z7 210351AD6B73A"} -index 0
dow C:/Projects/FinalProject/TestDesigns/OrganNotes/OrganNotes.sdk/test1/Debug/test1.elf
configparams force-mem-access 0
----------------End of Script----------------

14:50:45 INFO  : Context for processor 'ps7_cortexa9_0' is selected.
14:50:45 INFO  : 'con' command is executed.
14:50:45 INFO  : ----------------XSDB Script (After Launch)----------------
targets -set -nocase -filter {name =~ "ARM*#0" && jtag_cable_name =~ "Digilent Zybo Z7 210351AD6B73A"} -index 0
con
----------------End of Script----------------

14:50:45 INFO  : Disconnected from the channel tcfchan#1.
15:11:15 INFO  : 'targets -set -filter {jtag_cable_name =~ "Digilent Zybo Z7 210351AD6B73A" && level==0} -index 1' command is executed.
15:11:15 INFO  : 'fpga -state' command is executed.
15:11:15 INFO  : Connected to target on host '127.0.0.1' and port '3121'.
15:11:15 INFO  : Jtag cable 'Digilent Zybo Z7 210351AD6B73A' is selected.
15:11:15 INFO  : 'jtag frequency' command is executed.
15:11:15 INFO  : Sourcing of 'C:/Projects/FinalProject/TestDesigns/OrganNotes/OrganNotes.sdk/test_wrapper_hw_platform_0/ps7_init.tcl' is done.
15:11:16 INFO  : Context for 'APU' is selected.
15:11:19 INFO  : Hardware design information is loaded from 'C:/Projects/FinalProject/TestDesigns/OrganNotes/OrganNotes.sdk/test_wrapper_hw_platform_0/system.hdf'.
15:11:19 INFO  : 'configparams force-mem-access 1' command is executed.
15:11:19 INFO  : Context for 'APU' is selected.
15:11:19 INFO  : 'stop' command is executed.
15:11:20 INFO  : 'ps7_init' command is executed.
15:11:20 INFO  : 'ps7_post_config' command is executed.
15:11:21 INFO  : Context for processor 'ps7_cortexa9_0' is selected.
15:11:21 INFO  : Processor reset is completed for 'ps7_cortexa9_0'.
15:11:21 INFO  : Context for processor 'ps7_cortexa9_0' is selected.
15:11:22 INFO  : The application 'C:/Projects/FinalProject/TestDesigns/OrganNotes/OrganNotes.sdk/test1/Debug/test1.elf' is downloaded to processor 'ps7_cortexa9_0'.
15:11:22 INFO  : 'configparams force-mem-access 0' command is executed.
15:11:22 INFO  : ----------------XSDB Script----------------
connect -url tcp:127.0.0.1:3121
source C:/Projects/FinalProject/TestDesigns/OrganNotes/OrganNotes.sdk/test_wrapper_hw_platform_0/ps7_init.tcl
targets -set -nocase -filter {name =~"APU*" && jtag_cable_name =~ "Digilent Zybo Z7 210351AD6B73A"} -index 0
loadhw -hw C:/Projects/FinalProject/TestDesigns/OrganNotes/OrganNotes.sdk/test_wrapper_hw_platform_0/system.hdf -mem-ranges [list {0x40000000 0xbfffffff}]
configparams force-mem-access 1
targets -set -nocase -filter {name =~"APU*" && jtag_cable_name =~ "Digilent Zybo Z7 210351AD6B73A"} -index 0
stop
ps7_init
ps7_post_config
targets -set -nocase -filter {name =~ "ARM*#0" && jtag_cable_name =~ "Digilent Zybo Z7 210351AD6B73A"} -index 0
rst -processor
targets -set -nocase -filter {name =~ "ARM*#0" && jtag_cable_name =~ "Digilent Zybo Z7 210351AD6B73A"} -index 0
dow C:/Projects/FinalProject/TestDesigns/OrganNotes/OrganNotes.sdk/test1/Debug/test1.elf
configparams force-mem-access 0
----------------End of Script----------------

15:11:22 INFO  : Context for processor 'ps7_cortexa9_0' is selected.
15:11:22 INFO  : 'con' command is executed.
15:11:22 INFO  : ----------------XSDB Script (After Launch)----------------
targets -set -nocase -filter {name =~ "ARM*#0" && jtag_cable_name =~ "Digilent Zybo Z7 210351AD6B73A"} -index 0
con
----------------End of Script----------------

15:11:22 INFO  : Disconnected from the channel tcfchan#2.
